#
# There is insufficient memory for the Java Runtime Environment to continue.
# Native memory allocation (malloc) failed to allocate 1931264 bytes for Chunk::new
# Possible reasons:
#   The system is out of physical RAM or swap space
#   The process is running with CompressedOops enabled, and the Java Heap may be blocking the growth of the native heap
# Possible solutions:
#   Reduce memory load on the system
#   Increase physical memory or swap space
#   Check if swap backing store is full
#   Decrease Java heap size (-Xmx/-Xms)
#   Decrease number of Java threads
#   Decrease Java thread stack sizes (-Xss)
#   Set larger code cache with -XX:ReservedCodeCacheSize=
#   JVM is running with Unscaled Compressed Oops mode in which the Java heap is
#     placed in the first 4GB address space. The Java Heap base address is the
#     maximum limit for the native heap growth. Please use -XX:HeapBaseMinAddress
#     to set the Java Heap base and to place the Java Heap above 4GB virtual address.
# This output file may be truncated or incomplete.
#
#  Out of Memory Error (arena.cpp:184), pid=10256, tid=6036
#
# JRE version: OpenJDK Runtime Environment (18.0.2.1+1) (build 18.0.2.1+1-1)
# Java VM: OpenJDK 64-Bit Server VM (18.0.2.1+1-1, mixed mode, sharing, tiered, compressed oops, compressed class ptrs, g1 gc, windows-amd64)
# No core dump will be written. Minidumps are not enabled by default on client versions of Windows
#

---------------  S U M M A R Y ------------

Command Line: -javaagent:C:\Program Files\JetBrains\IntelliJ IDEA Community Edition 2022.2.1\lib\idea_rt.jar=50378:C:\Program Files\JetBrains\IntelliJ IDEA Community Edition 2022.2.1\bin -Dfile.encoding=UTF-8 -Dsun.stdout.encoding=UTF-8 -Dsun.stderr.encoding=UTF-8 com.spring.mongo.demo.SpringBootMongoDBApplication

Host: Intel(R) Xeon(R) Platinum 8272CL CPU @ 2.60GHz, 2 cores, 7G,  Windows 10 , 64 bit Build 19041 (10.0.19041.1889)
Time: Mon Sep 12 17:40:35 2022 Coordinated Universal Time elapsed time: 8.056395 seconds (0d 0h 0m 8s)

---------------  T H R E A D  ---------------

Current thread (0x000002877a0d7e30):  JavaThread "C2 CompilerThread0" daemon [_thread_in_native, id=6036, stack(0x000000940d000000,0x000000940d100000)]


Current CompileTask:
C2:   8056 2757   !   4       jdk.internal.loader.BuiltinClassLoader::loadClassOrNull (143 bytes)

Stack: [0x000000940d000000,0x000000940d100000]
Native frames: (J=compiled Java code, j=interpreted, Vv=VM code, C=native code)
V  [jvm.dll+0x6993aa]
V  [jvm.dll+0x7f46dd]
V  [jvm.dll+0x7f5fee]
V  [jvm.dll+0x7f66a3]
V  [jvm.dll+0x25cf1f]
V  [jvm.dll+0xb8c2f]
V  [jvm.dll+0xb8fa5]
V  [jvm.dll+0x3860cb]
V  [jvm.dll+0x34fe71]
V  [jvm.dll+0x34f30a]
V  [jvm.dll+0x230101]
V  [jvm.dll+0x22f4d1]
V  [jvm.dll+0x1ba01c]
V  [jvm.dll+0x23ee0a]
V  [jvm.dll+0x23d0f5]
V  [jvm.dll+0x7a6dd1]
V  [jvm.dll+0x7a120a]
V  [jvm.dll+0x698255]
C  [ucrtbase.dll+0x21bb2]
C  [KERNEL32.DLL+0x17034]
C  [ntdll.dll+0x52651]


---------------  P R O C E S S  ---------------

Threads class SMR info:
_java_thread_list=0x000002877f2fc1e0, length=15, elements={
0x000002876bc34db0, 0x000002877a0b8380, 0x000002877a0b9740, 0x000002877a0d3470,
0x000002877a0d5e20, 0x000002877a0d67c0, 0x000002877a0d7160, 0x000002877a0d7e30,
0x000002877a146b60, 0x000002877a14a910, 0x000002876bcf3520, 0x000002877e70e930,
0x000002877e71ad40, 0x000002877e966790, 0x000002877e9670d0
}

Java Threads: ( => current thread )
  0x000002876bc34db0 JavaThread "main" [_thread_blocked, id=10832, stack(0x000000940c200000,0x000000940c300000)]
  0x000002877a0b8380 JavaThread "Reference Handler" daemon [_thread_blocked, id=4512, stack(0x000000940ca00000,0x000000940cb00000)]
  0x000002877a0b9740 JavaThread "Finalizer" daemon [_thread_blocked, id=5912, stack(0x000000940cb00000,0x000000940cc00000)]
  0x000002877a0d3470 JavaThread "Signal Dispatcher" daemon [_thread_blocked, id=8712, stack(0x000000940cc00000,0x000000940cd00000)]
  0x000002877a0d5e20 JavaThread "Attach Listener" daemon [_thread_blocked, id=10556, stack(0x000000940cd00000,0x000000940ce00000)]
  0x000002877a0d67c0 JavaThread "Service Thread" daemon [_thread_blocked, id=10720, stack(0x000000940ce00000,0x000000940cf00000)]
  0x000002877a0d7160 JavaThread "Monitor Deflation Thread" daemon [_thread_blocked, id=11732, stack(0x000000940cf00000,0x000000940d000000)]
=>0x000002877a0d7e30 JavaThread "C2 CompilerThread0" daemon [_thread_in_native, id=6036, stack(0x000000940d000000,0x000000940d100000)]
  0x000002877a146b60 JavaThread "C1 CompilerThread0" daemon [_thread_blocked, id=8272, stack(0x000000940d100000,0x000000940d200000)]
  0x000002877a14a910 JavaThread "Sweeper thread" daemon [_thread_blocked, id=10616, stack(0x000000940d200000,0x000000940d300000)]
  0x000002876bcf3520 JavaThread "Common-Cleaner" daemon [_thread_blocked, id=9656, stack(0x000000940d300000,0x000000940d400000)]
  0x000002877e70e930 JavaThread "Monitor Ctrl-Break" daemon [_thread_in_native, id=7096, stack(0x000000940d400000,0x000000940d500000)]
  0x000002877e71ad40 JavaThread "Notification Thread" daemon [_thread_blocked, id=4284, stack(0x000000940d500000,0x000000940d600000)]
  0x000002877e966790 JavaThread "Thread-0" [_thread_blocked, id=5916, stack(0x000000940d800000,0x000000940d900000)]
  0x000002877e9670d0 JavaThread "restartedMain" [_thread_in_vm, id=11892, stack(0x000000940d900000,0x000000940da00000)]

Other Threads:
  0x000002877a0b4d40 VMThread "VM Thread" [stack: 0x000000940c900000,0x000000940ca00000] [id=2032]
  0x000002877e73ab50 WatcherThread "VM Periodic Task Thread" [stack: 0x000000940d600000,0x000000940d700000] [id=9788]
  0x000002876bc94e70 WorkerThread "GC Thread#0" [stack: 0x000000940c400000,0x000000940c500000] [id=5136]
  0x000002877e7d1cb0 WorkerThread "GC Thread#1" [stack: 0x000000940d700000,0x000000940d800000] [id=2636]
  0x000002876bca71b0 ConcurrentGCThread "G1 Main Marker" [stack: 0x000000940c500000,0x000000940c600000] [id=7016]
  0x000002876bca7ba0 WorkerThread "G1 Conc#0" [stack: 0x000000940c600000,0x000000940c700000] [id=8968]
  0x000002876bcdcf20 ConcurrentGCThread "G1 Refine#0" [stack: 0x000000940c700000,0x000000940c800000] [id=10152]
  0x000002876bcdd830 ConcurrentGCThread "G1 Service" [stack: 0x000000940c800000,0x000000940c900000] [id=3516]

Threads with active compile tasks:
C2 CompilerThread0     8121 2757   !   4       jdk.internal.loader.BuiltinClassLoader::loadClassOrNull (143 bytes)

VM state: not at safepoint (normal execution)

VM Mutex/Monitor currently owned by a thread: None

Heap address: 0x0000000080000000, size: 2048 MB, Compressed Oops mode: 32-bit

CDS archive(s) mapped at: [0x0000000800000000-0x0000000800ba0000-0x0000000800ba0000), size 12189696, SharedBaseAddress: 0x0000000800000000, ArchiveRelocationMode: 0.
Compressed class space mapped at: 0x0000000800c00000-0x0000000840c00000, reserved size: 1073741824
Narrow klass base: 0x0000000800000000, Narrow klass shift: 0, Narrow klass range: 0x100000000

GC Precious Log:
 CardTable entry size: 512
 Card Set container configuration: InlinePtr #cards 5 size 8 Array Of Cards #cards 12 size 40 Howl #buckets 4 coarsen threshold 1843 Howl Bitmap #cards 512 size 80 coarsen threshold 460 Card regions per heap region 1 cards per card region 2048
 CPUs: 2 total, 2 available
 Memory: 8190M
 Large Page Support: Disabled
 NUMA Support: Disabled
 Compressed Oops: Enabled (32-bit)
 Heap Region Size: 1M
 Heap Min Capacity: 8M
 Heap Initial Capacity: 128M
 Heap Max Capacity: 2G
 Pre-touch: Disabled
 Parallel Workers: 2
 Concurrent Workers: 1
 Concurrent Refinement Workers: 2
 Periodic GC: Disabled

Heap:
 garbage-first heap   total 131072K, used 22691K [0x0000000080000000, 0x0000000100000000)
  region size 1024K, 19 young (19456K), 4 survivors (4096K)
 Metaspace       used 18074K, committed 18304K, reserved 1114112K
  class space    used 2148K, committed 2240K, reserved 1048576K

Heap Regions: E=young(eden), S=young(survivor), O=old, HS=humongous(starts), HC=humongous(continues), CS=collection set, F=free, OA=open archive, CA=closed archive, TAMS=top-at-mark-start (previous, next)
|   0|0x0000000080000000, 0x0000000080100000, 0x0000000080100000|100%| O|  |TAMS 0x0000000080000000, 0x0000000080000000| Untracked 
|   1|0x0000000080100000, 0x0000000080200000, 0x0000000080200000|100%| O|  |TAMS 0x0000000080100000, 0x0000000080100000| Untracked 
|   2|0x0000000080200000, 0x0000000080300000, 0x0000000080300000|100%| O|  |TAMS 0x0000000080200000, 0x0000000080200000| Untracked 
|   3|0x0000000080300000, 0x0000000080400000, 0x0000000080400000|100%| O|  |TAMS 0x0000000080300000, 0x0000000080300000| Untracked 
|   4|0x0000000080400000, 0x000000008049a000, 0x0000000080500000| 60%| O|  |TAMS 0x0000000080400000, 0x0000000080400000| Untracked 
|   5|0x0000000080500000, 0x0000000080500000, 0x0000000080600000|  0%| F|  |TAMS 0x0000000080500000, 0x0000000080500000| Untracked 
|   6|0x0000000080600000, 0x0000000080600000, 0x0000000080700000|  0%| F|  |TAMS 0x0000000080600000, 0x0000000080600000| Untracked 
|   7|0x0000000080700000, 0x0000000080700000, 0x0000000080800000|  0%| F|  |TAMS 0x0000000080700000, 0x0000000080700000| Untracked 
|   8|0x0000000080800000, 0x0000000080800000, 0x0000000080900000|  0%| F|  |TAMS 0x0000000080800000, 0x0000000080800000| Untracked 
|   9|0x0000000080900000, 0x0000000080900000, 0x0000000080a00000|  0%| F|  |TAMS 0x0000000080900000, 0x0000000080900000| Untracked 
|  10|0x0000000080a00000, 0x0000000080a00000, 0x0000000080b00000|  0%| F|  |TAMS 0x0000000080a00000, 0x0000000080a00000| Untracked 
|  11|0x0000000080b00000, 0x0000000080b00000, 0x0000000080c00000|  0%| F|  |TAMS 0x0000000080b00000, 0x0000000080b00000| Untracked 
|  12|0x0000000080c00000, 0x0000000080c00000, 0x0000000080d00000|  0%| F|  |TAMS 0x0000000080c00000, 0x0000000080c00000| Untracked 
|  13|0x0000000080d00000, 0x0000000080d00000, 0x0000000080e00000|  0%| F|  |TAMS 0x0000000080d00000, 0x0000000080d00000| Untracked 
|  14|0x0000000080e00000, 0x0000000080e00000, 0x0000000080f00000|  0%| F|  |TAMS 0x0000000080e00000, 0x0000000080e00000| Untracked 
|  15|0x0000000080f00000, 0x0000000080f00000, 0x0000000081000000|  0%| F|  |TAMS 0x0000000080f00000, 0x0000000080f00000| Untracked 
|  16|0x0000000081000000, 0x0000000081000000, 0x0000000081100000|  0%| F|  |TAMS 0x0000000081000000, 0x0000000081000000| Untracked 
|  17|0x0000000081100000, 0x0000000081100000, 0x0000000081200000|  0%| F|  |TAMS 0x0000000081100000, 0x0000000081100000| Untracked 
|  18|0x0000000081200000, 0x0000000081200000, 0x0000000081300000|  0%| F|  |TAMS 0x0000000081200000, 0x0000000081200000| Untracked 
|  19|0x0000000081300000, 0x0000000081300000, 0x0000000081400000|  0%| F|  |TAMS 0x0000000081300000, 0x0000000081300000| Untracked 
|  20|0x0000000081400000, 0x0000000081400000, 0x0000000081500000|  0%| F|  |TAMS 0x0000000081400000, 0x0000000081400000| Untracked 
|  21|0x0000000081500000, 0x0000000081500000, 0x0000000081600000|  0%| F|  |TAMS 0x0000000081500000, 0x0000000081500000| Untracked 
|  22|0x0000000081600000, 0x0000000081600000, 0x0000000081700000|  0%| F|  |TAMS 0x0000000081600000, 0x0000000081600000| Untracked 
|  23|0x0000000081700000, 0x0000000081700000, 0x0000000081800000|  0%| F|  |TAMS 0x0000000081700000, 0x0000000081700000| Untracked 
|  24|0x0000000081800000, 0x0000000081800000, 0x0000000081900000|  0%| F|  |TAMS 0x0000000081800000, 0x0000000081800000| Untracked 
|  25|0x0000000081900000, 0x0000000081900000, 0x0000000081a00000|  0%| F|  |TAMS 0x0000000081900000, 0x0000000081900000| Untracked 
|  26|0x0000000081a00000, 0x0000000081a00000, 0x0000000081b00000|  0%| F|  |TAMS 0x0000000081a00000, 0x0000000081a00000| Untracked 
|  27|0x0000000081b00000, 0x0000000081b00000, 0x0000000081c00000|  0%| F|  |TAMS 0x0000000081b00000, 0x0000000081b00000| Untracked 
|  28|0x0000000081c00000, 0x0000000081c00000, 0x0000000081d00000|  0%| F|  |TAMS 0x0000000081c00000, 0x0000000081c00000| Untracked 
|  29|0x0000000081d00000, 0x0000000081d00000, 0x0000000081e00000|  0%| F|  |TAMS 0x0000000081d00000, 0x0000000081d00000| Untracked 
|  30|0x0000000081e00000, 0x0000000081e00000, 0x0000000081f00000|  0%| F|  |TAMS 0x0000000081e00000, 0x0000000081e00000| Untracked 
|  31|0x0000000081f00000, 0x0000000081f00000, 0x0000000082000000|  0%| F|  |TAMS 0x0000000081f00000, 0x0000000081f00000| Untracked 
|  32|0x0000000082000000, 0x0000000082000000, 0x0000000082100000|  0%| F|  |TAMS 0x0000000082000000, 0x0000000082000000| Untracked 
|  33|0x0000000082100000, 0x0000000082100000, 0x0000000082200000|  0%| F|  |TAMS 0x0000000082100000, 0x0000000082100000| Untracked 
|  34|0x0000000082200000, 0x0000000082200000, 0x0000000082300000|  0%| F|  |TAMS 0x0000000082200000, 0x0000000082200000| Untracked 
|  35|0x0000000082300000, 0x0000000082300000, 0x0000000082400000|  0%| F|  |TAMS 0x0000000082300000, 0x0000000082300000| Untracked 
|  36|0x0000000082400000, 0x0000000082400000, 0x0000000082500000|  0%| F|  |TAMS 0x0000000082400000, 0x0000000082400000| Untracked 
|  37|0x0000000082500000, 0x0000000082500000, 0x0000000082600000|  0%| F|  |TAMS 0x0000000082500000, 0x0000000082500000| Untracked 
|  38|0x0000000082600000, 0x0000000082600000, 0x0000000082700000|  0%| F|  |TAMS 0x0000000082600000, 0x0000000082600000| Untracked 
|  39|0x0000000082700000, 0x0000000082700000, 0x0000000082800000|  0%| F|  |TAMS 0x0000000082700000, 0x0000000082700000| Untracked 
|  40|0x0000000082800000, 0x0000000082800000, 0x0000000082900000|  0%| F|  |TAMS 0x0000000082800000, 0x0000000082800000| Untracked 
|  41|0x0000000082900000, 0x0000000082900000, 0x0000000082a00000|  0%| F|  |TAMS 0x0000000082900000, 0x0000000082900000| Untracked 
|  42|0x0000000082a00000, 0x0000000082a00000, 0x0000000082b00000|  0%| F|  |TAMS 0x0000000082a00000, 0x0000000082a00000| Untracked 
|  43|0x0000000082b00000, 0x0000000082b00000, 0x0000000082c00000|  0%| F|  |TAMS 0x0000000082b00000, 0x0000000082b00000| Untracked 
|  44|0x0000000082c00000, 0x0000000082c00000, 0x0000000082d00000|  0%| F|  |TAMS 0x0000000082c00000, 0x0000000082c00000| Untracked 
|  45|0x0000000082d00000, 0x0000000082d00000, 0x0000000082e00000|  0%| F|  |TAMS 0x0000000082d00000, 0x0000000082d00000| Untracked 
|  46|0x0000000082e00000, 0x0000000082e00000, 0x0000000082f00000|  0%| F|  |TAMS 0x0000000082e00000, 0x0000000082e00000| Untracked 
|  47|0x0000000082f00000, 0x0000000082f00000, 0x0000000083000000|  0%| F|  |TAMS 0x0000000082f00000, 0x0000000082f00000| Untracked 
|  48|0x0000000083000000, 0x0000000083000000, 0x0000000083100000|  0%| F|  |TAMS 0x0000000083000000, 0x0000000083000000| Untracked 
|  49|0x0000000083100000, 0x0000000083100000, 0x0000000083200000|  0%| F|  |TAMS 0x0000000083100000, 0x0000000083100000| Untracked 
|  50|0x0000000083200000, 0x0000000083200000, 0x0000000083300000|  0%| F|  |TAMS 0x0000000083200000, 0x0000000083200000| Untracked 
|  51|0x0000000083300000, 0x0000000083300000, 0x0000000083400000|  0%| F|  |TAMS 0x0000000083300000, 0x0000000083300000| Untracked 
|  52|0x0000000083400000, 0x0000000083400000, 0x0000000083500000|  0%| F|  |TAMS 0x0000000083400000, 0x0000000083400000| Untracked 
|  53|0x0000000083500000, 0x0000000083500000, 0x0000000083600000|  0%| F|  |TAMS 0x0000000083500000, 0x0000000083500000| Untracked 
|  54|0x0000000083600000, 0x0000000083600000, 0x0000000083700000|  0%| F|  |TAMS 0x0000000083600000, 0x0000000083600000| Untracked 
|  55|0x0000000083700000, 0x0000000083700000, 0x0000000083800000|  0%| F|  |TAMS 0x0000000083700000, 0x0000000083700000| Untracked 
|  56|0x0000000083800000, 0x0000000083800000, 0x0000000083900000|  0%| F|  |TAMS 0x0000000083800000, 0x0000000083800000| Untracked 
|  57|0x0000000083900000, 0x0000000083900000, 0x0000000083a00000|  0%| F|  |TAMS 0x0000000083900000, 0x0000000083900000| Untracked 
|  58|0x0000000083a00000, 0x0000000083a00000, 0x0000000083b00000|  0%| F|  |TAMS 0x0000000083a00000, 0x0000000083a00000| Untracked 
|  59|0x0000000083b00000, 0x0000000083b00000, 0x0000000083c00000|  0%| F|  |TAMS 0x0000000083b00000, 0x0000000083b00000| Untracked 
|  60|0x0000000083c00000, 0x0000000083c00000, 0x0000000083d00000|  0%| F|  |TAMS 0x0000000083c00000, 0x0000000083c00000| Untracked 
|  61|0x0000000083d00000, 0x0000000083d00000, 0x0000000083e00000|  0%| F|  |TAMS 0x0000000083d00000, 0x0000000083d00000| Untracked 
|  62|0x0000000083e00000, 0x0000000083e00000, 0x0000000083f00000|  0%| F|  |TAMS 0x0000000083e00000, 0x0000000083e00000| Untracked 
|  63|0x0000000083f00000, 0x0000000083f00000, 0x0000000084000000|  0%| F|  |TAMS 0x0000000083f00000, 0x0000000083f00000| Untracked 
|  64|0x0000000084000000, 0x0000000084000000, 0x0000000084100000|  0%| F|  |TAMS 0x0000000084000000, 0x0000000084000000| Untracked 
|  65|0x0000000084100000, 0x0000000084100000, 0x0000000084200000|  0%| F|  |TAMS 0x0000000084100000, 0x0000000084100000| Untracked 
|  66|0x0000000084200000, 0x0000000084200000, 0x0000000084300000|  0%| F|  |TAMS 0x0000000084200000, 0x0000000084200000| Untracked 
|  67|0x0000000084300000, 0x0000000084300000, 0x0000000084400000|  0%| F|  |TAMS 0x0000000084300000, 0x0000000084300000| Untracked 
|  68|0x0000000084400000, 0x0000000084400000, 0x0000000084500000|  0%| F|  |TAMS 0x0000000084400000, 0x0000000084400000| Untracked 
|  69|0x0000000084500000, 0x0000000084500000, 0x0000000084600000|  0%| F|  |TAMS 0x0000000084500000, 0x0000000084500000| Untracked 
|  70|0x0000000084600000, 0x0000000084600000, 0x0000000084700000|  0%| F|  |TAMS 0x0000000084600000, 0x0000000084600000| Untracked 
|  71|0x0000000084700000, 0x0000000084700000, 0x0000000084800000|  0%| F|  |TAMS 0x0000000084700000, 0x0000000084700000| Untracked 
|  72|0x0000000084800000, 0x0000000084800000, 0x0000000084900000|  0%| F|  |TAMS 0x0000000084800000, 0x0000000084800000| Untracked 
|  73|0x0000000084900000, 0x0000000084900000, 0x0000000084a00000|  0%| F|  |TAMS 0x0000000084900000, 0x0000000084900000| Untracked 
|  74|0x0000000084a00000, 0x0000000084a00000, 0x0000000084b00000|  0%| F|  |TAMS 0x0000000084a00000, 0x0000000084a00000| Untracked 
|  75|0x0000000084b00000, 0x0000000084b00000, 0x0000000084c00000|  0%| F|  |TAMS 0x0000000084b00000, 0x0000000084b00000| Untracked 
|  76|0x0000000084c00000, 0x0000000084c00000, 0x0000000084d00000|  0%| F|  |TAMS 0x0000000084c00000, 0x0000000084c00000| Untracked 
|  77|0x0000000084d00000, 0x0000000084d00000, 0x0000000084e00000|  0%| F|  |TAMS 0x0000000084d00000, 0x0000000084d00000| Untracked 
|  78|0x0000000084e00000, 0x0000000084e00000, 0x0000000084f00000|  0%| F|  |TAMS 0x0000000084e00000, 0x0000000084e00000| Untracked 
|  79|0x0000000084f00000, 0x0000000084f8eed0, 0x0000000085000000| 55%| S|CS|TAMS 0x0000000084f00000, 0x0000000084f00000| Complete 
|  80|0x0000000085000000, 0x0000000085100000, 0x0000000085100000|100%| S|CS|TAMS 0x0000000085000000, 0x0000000085000000| Complete 
|  81|0x0000000085100000, 0x0000000085200000, 0x0000000085200000|100%| S|CS|TAMS 0x0000000085100000, 0x0000000085100000| Complete 
|  82|0x0000000085200000, 0x0000000085300000, 0x0000000085300000|100%| S|CS|TAMS 0x0000000085200000, 0x0000000085200000| Complete 
|  83|0x0000000085300000, 0x0000000085300000, 0x0000000085400000|  0%| F|  |TAMS 0x0000000085300000, 0x0000000085300000| Untracked 
|  84|0x0000000085400000, 0x0000000085400000, 0x0000000085500000|  0%| F|  |TAMS 0x0000000085400000, 0x0000000085400000| Untracked 
|  85|0x0000000085500000, 0x0000000085500000, 0x0000000085600000|  0%| F|  |TAMS 0x0000000085500000, 0x0000000085500000| Untracked 
|  86|0x0000000085600000, 0x0000000085600000, 0x0000000085700000|  0%| F|  |TAMS 0x0000000085600000, 0x0000000085600000| Untracked 
|  87|0x0000000085700000, 0x0000000085700000, 0x0000000085800000|  0%| F|  |TAMS 0x0000000085700000, 0x0000000085700000| Untracked 
|  88|0x0000000085800000, 0x0000000085800000, 0x0000000085900000|  0%| F|  |TAMS 0x0000000085800000, 0x0000000085800000| Untracked 
|  89|0x0000000085900000, 0x0000000085900000, 0x0000000085a00000|  0%| F|  |TAMS 0x0000000085900000, 0x0000000085900000| Untracked 
|  90|0x0000000085a00000, 0x0000000085a00000, 0x0000000085b00000|  0%| F|  |TAMS 0x0000000085a00000, 0x0000000085a00000| Untracked 
|  91|0x0000000085b00000, 0x0000000085b00000, 0x0000000085c00000|  0%| F|  |TAMS 0x0000000085b00000, 0x0000000085b00000| Untracked 
|  92|0x0000000085c00000, 0x0000000085c00000, 0x0000000085d00000|  0%| F|  |TAMS 0x0000000085c00000, 0x0000000085c00000| Untracked 
|  93|0x0000000085d00000, 0x0000000085d00000, 0x0000000085e00000|  0%| F|  |TAMS 0x0000000085d00000, 0x0000000085d00000| Untracked 
|  94|0x0000000085e00000, 0x0000000085e00000, 0x0000000085f00000|  0%| F|  |TAMS 0x0000000085e00000, 0x0000000085e00000| Untracked 
|  95|0x0000000085f00000, 0x0000000085f00000, 0x0000000086000000|  0%| F|  |TAMS 0x0000000085f00000, 0x0000000085f00000| Untracked 
|  96|0x0000000086000000, 0x0000000086000000, 0x0000000086100000|  0%| F|  |TAMS 0x0000000086000000, 0x0000000086000000| Untracked 
|  97|0x0000000086100000, 0x0000000086100000, 0x0000000086200000|  0%| F|  |TAMS 0x0000000086100000, 0x0000000086100000| Untracked 
|  98|0x0000000086200000, 0x0000000086200000, 0x0000000086300000|  0%| F|  |TAMS 0x0000000086200000, 0x0000000086200000| Untracked 
|  99|0x0000000086300000, 0x0000000086300000, 0x0000000086400000|  0%| F|  |TAMS 0x0000000086300000, 0x0000000086300000| Untracked 
| 100|0x0000000086400000, 0x0000000086400000, 0x0000000086500000|  0%| F|  |TAMS 0x0000000086400000, 0x0000000086400000| Untracked 
| 101|0x0000000086500000, 0x0000000086500000, 0x0000000086600000|  0%| F|  |TAMS 0x0000000086500000, 0x0000000086500000| Untracked 
| 102|0x0000000086600000, 0x0000000086600000, 0x0000000086700000|  0%| F|  |TAMS 0x0000000086600000, 0x0000000086600000| Untracked 
| 103|0x0000000086700000, 0x0000000086700000, 0x0000000086800000|  0%| F|  |TAMS 0x0000000086700000, 0x0000000086700000| Untracked 
| 104|0x0000000086800000, 0x0000000086800000, 0x0000000086900000|  0%| F|  |TAMS 0x0000000086800000, 0x0000000086800000| Untracked 
| 105|0x0000000086900000, 0x0000000086900000, 0x0000000086a00000|  0%| F|  |TAMS 0x0000000086900000, 0x0000000086900000| Untracked 
| 106|0x0000000086a00000, 0x0000000086a00000, 0x0000000086b00000|  0%| F|  |TAMS 0x0000000086a00000, 0x0000000086a00000| Untracked 
| 107|0x0000000086b00000, 0x0000000086b00000, 0x0000000086c00000|  0%| F|  |TAMS 0x0000000086b00000, 0x0000000086b00000| Untracked 
| 108|0x0000000086c00000, 0x0000000086c00000, 0x0000000086d00000|  0%| F|  |TAMS 0x0000000086c00000, 0x0000000086c00000| Untracked 
| 109|0x0000000086d00000, 0x0000000086d00000, 0x0000000086e00000|  0%| F|  |TAMS 0x0000000086d00000, 0x0000000086d00000| Untracked 
| 110|0x0000000086e00000, 0x0000000086e00000, 0x0000000086f00000|  0%| F|  |TAMS 0x0000000086e00000, 0x0000000086e00000| Untracked 
| 111|0x0000000086f00000, 0x0000000086f00000, 0x0000000087000000|  0%| F|  |TAMS 0x0000000086f00000, 0x0000000086f00000| Untracked 
| 112|0x0000000087000000, 0x0000000087000000, 0x0000000087100000|  0%| F|  |TAMS 0x0000000087000000, 0x0000000087000000| Untracked 
| 113|0x0000000087100000, 0x0000000087200000, 0x0000000087200000|100%| E|  |TAMS 0x0000000087100000, 0x0000000087100000| Complete 
| 114|0x0000000087200000, 0x0000000087300000, 0x0000000087300000|100%| E|CS|TAMS 0x0000000087200000, 0x0000000087200000| Complete 
| 115|0x0000000087300000, 0x0000000087400000, 0x0000000087400000|100%| E|CS|TAMS 0x0000000087300000, 0x0000000087300000| Complete 
| 116|0x0000000087400000, 0x0000000087500000, 0x0000000087500000|100%| E|CS|TAMS 0x0000000087400000, 0x0000000087400000| Complete 
| 117|0x0000000087500000, 0x0000000087600000, 0x0000000087600000|100%| E|CS|TAMS 0x0000000087500000, 0x0000000087500000| Complete 
| 118|0x0000000087600000, 0x0000000087700000, 0x0000000087700000|100%| E|CS|TAMS 0x0000000087600000, 0x0000000087600000| Complete 
| 119|0x0000000087700000, 0x0000000087800000, 0x0000000087800000|100%| E|CS|TAMS 0x0000000087700000, 0x0000000087700000| Complete 
| 120|0x0000000087800000, 0x0000000087900000, 0x0000000087900000|100%| E|CS|TAMS 0x0000000087800000, 0x0000000087800000| Complete 
| 121|0x0000000087900000, 0x0000000087a00000, 0x0000000087a00000|100%| E|CS|TAMS 0x0000000087900000, 0x0000000087900000| Complete 
| 122|0x0000000087a00000, 0x0000000087b00000, 0x0000000087b00000|100%| E|CS|TAMS 0x0000000087a00000, 0x0000000087a00000| Complete 
| 123|0x0000000087b00000, 0x0000000087c00000, 0x0000000087c00000|100%| E|CS|TAMS 0x0000000087b00000, 0x0000000087b00000| Complete 
| 124|0x0000000087c00000, 0x0000000087d00000, 0x0000000087d00000|100%| E|CS|TAMS 0x0000000087c00000, 0x0000000087c00000| Complete 
| 125|0x0000000087d00000, 0x0000000087e00000, 0x0000000087e00000|100%| E|CS|TAMS 0x0000000087d00000, 0x0000000087d00000| Complete 
| 126|0x0000000087e00000, 0x0000000087f00000, 0x0000000087f00000|100%| E|CS|TAMS 0x0000000087e00000, 0x0000000087e00000| Complete 
| 127|0x0000000087f00000, 0x0000000088000000, 0x0000000088000000|100%| E|CS|TAMS 0x0000000087f00000, 0x0000000087f00000| Complete 

Card table byte_map: [0x0000028773570000,0x0000028773970000] _byte_map_base: 0x0000028773170000

Marking Bits (Prev, Next): (CMBitMap*) 0x000002876bc96880, (CMBitMap*) 0x000002876bc968c0
 Prev Bits: [0x0000028773d70000, 0x0000028775d70000)
 Next Bits: [0x0000028775d70000, 0x0000028777d70000)

Polling page: 0x0000028769970000

Metaspace:

Usage:
  Non-class:     15.56 MB used.
      Class:      2.10 MB used.
       Both:     17.66 MB used.

Virtual space:
  Non-class space:       64.00 MB reserved,      15.69 MB ( 25%) committed,  1 nodes.
      Class space:        1.00 GB reserved,       2.19 MB ( <1%) committed,  1 nodes.
             Both:        1.06 GB reserved,      17.88 MB (  2%) committed. 

Chunk freelists:
   Non-Class:  3.78 MB
       Class:  1.75 MB
        Both:  5.53 MB

MaxMetaspaceSize: unlimited
CompressedClassSpaceSize: 1.00 GB
Initial GC threshold: 21.00 MB
Current GC threshold: 21.00 MB
CDS: on
MetaspaceReclaimPolicy: balanced
 - commit_granule_bytes: 65536.
 - commit_granule_words: 8192.
 - virtual_space_node_default_size: 8388608.
 - enlarge_chunks_in_place: 1.
 - new_chunks_are_fully_committed: 0.
 - uncommit_free_chunks: 1.
 - use_allocation_guard: 0.


Internal statistics:

num_allocs_failed_limit: 0.
num_arena_births: 196.
num_arena_deaths: 0.
num_vsnodes_births: 2.
num_vsnodes_deaths: 0.
num_space_committed: 286.
num_space_uncommitted: 0.
num_chunks_returned_to_freelist: 0.
num_chunks_taken_from_freelist: 813.
num_chunk_merges: 0.
num_chunk_splits: 539.
num_chunks_enlarged: 434.
num_inconsistent_stats: 0.

CodeHeap 'non-profiled nmethods': size=120064Kb used=1048Kb max_used=1048Kb free=119015Kb
 bounds [0x0000028707ac0000, 0x0000028707d30000, 0x000002870f000000]
CodeHeap 'profiled nmethods': size=120000Kb used=5774Kb max_used=5774Kb free=114226Kb
 bounds [0x0000028700590000, 0x0000028700b40000, 0x0000028707ac0000]
CodeHeap 'non-nmethods': size=5696Kb used=1194Kb max_used=1247Kb free=4501Kb
 bounds [0x0000028700000000, 0x0000028700270000, 0x0000028700590000]
 total_blobs=3231 nmethods=2764 adapters=378
 compilation: enabled
              stopped_count=0, restarted_count=0
 full_count=0

Compilation events (20 events):
Event: 7.744 Thread 0x000002877a146b60 nmethod 2749 0x0000028700b1a510 code [0x0000028700b1a7e0, 0x0000028700b1b818]
Event: 7.744 Thread 0x000002877a146b60 2750       3       org.springframework.core.annotation.MergedAnnotationCollectors$$Lambda$281/0x0000000800de6d50::get (8 bytes)
Event: 7.744 Thread 0x000002877a146b60 nmethod 2750 0x0000028700b1bd10 code [0x0000028700b1bee0, 0x0000028700b1c3b8]
Event: 7.745 Thread 0x000002877a146b60 2751       3       sun.reflect.annotation.AnnotationParser::parseAnnotations2 (135 bytes)
Event: 7.746 Thread 0x000002877a146b60 nmethod 2751 0x0000028700b1c590 code [0x0000028700b1c8e0, 0x0000028700b1da98]
Event: 7.747 Thread 0x000002877a146b60 2752       3       org.springframework.core.annotation.TypeMappedAnnotations::scan (62 bytes)
Event: 7.747 Thread 0x000002877a146b60 nmethod 2752 0x0000028700b1e210 code [0x0000028700b1e3e0, 0x0000028700b1e7e8]
Event: 7.748 Thread 0x000002877a146b60 2753   !   3       org.springframework.core.annotation.AttributeMethods::isValid (51 bytes)
Event: 7.755 Thread 0x000002877a146b60 nmethod 2753 0x0000028700b1e910 code [0x0000028700b1f1c0, 0x0000028700b24e98]
Event: 7.755 Thread 0x000002877a0d7e30 2754       4       java.util.LinkedList$ListItr::hasNext (20 bytes)
Event: 7.756 Thread 0x000002877a0d7e30 nmethod 2754 0x0000028707bc5510 code [0x0000028707bc5680, 0x0000028707bc5718]
Event: 7.765 Thread 0x000002877a0d7e30 2755       4       java.lang.String::equalsIgnoreCase (45 bytes)
Event: 7.766 Thread 0x000002877a0d7e30 nmethod 2755 0x0000028707bc5810 code [0x0000028707bc59a0, 0x0000028707bc5ac8]
Event: 7.871 Thread 0x000002877a146b60 2756       1       org.springframework.core.annotation.AnnotationsProcessor::doWithAggregate (2 bytes)
Event: 7.871 Thread 0x000002877a146b60 nmethod 2756 0x0000028707bc5c10 code [0x0000028707bc5da0, 0x0000028707bc5e78]
Event: 7.875 Thread 0x000002877a0d7e30 2757   !   4       jdk.internal.loader.BuiltinClassLoader::loadClassOrNull (143 bytes)
Event: 8.004 Thread 0x000002877a146b60 2758       1       org.springframework.beans.factory.support.DefaultListableBeanFactory::isAllowEagerClassLoading (5 bytes)
Event: 8.004 Thread 0x000002877a146b60 nmethod 2758 0x0000028707bc5f10 code [0x0000028707bc60a0, 0x0000028707bc6178]
Event: 8.006 Thread 0x000002877a146b60 2759       3       org.springframework.core.MethodParameter::getDeclaringClass (8 bytes)
Event: 8.006 Thread 0x000002877a146b60 nmethod 2759 0x0000028700b28310 code [0x0000028700b284c0, 0x0000028700b28688]

GC Heap History (8 events):
Event: 2.454 GC heap before
{Heap before GC invocations=0 (full 0):
 garbage-first heap   total 131072K, used 5120K [0x0000000080000000, 0x0000000100000000)
  region size 1024K, 6 young (6144K), 0 survivors (0K)
 Metaspace       used 1414K, committed 1536K, reserved 1114112K
  class space    used 110K, committed 192K, reserved 1048576K
}
Event: 2.460 GC heap after
{Heap after GC invocations=1 (full 0):
 garbage-first heap   total 131072K, used 3623K [0x0000000080000000, 0x0000000100000000)
  region size 1024K, 1 young (1024K), 1 survivors (1024K)
 Metaspace       used 1414K, committed 1536K, reserved 1114112K
  class space    used 110K, committed 192K, reserved 1048576K
}
Event: 2.930 GC heap before
{Heap before GC invocations=1 (full 0):
 garbage-first heap   total 131072K, used 8743K [0x0000000080000000, 0x0000000100000000)
  region size 1024K, 6 young (6144K), 1 survivors (1024K)
 Metaspace       used 3550K, committed 3712K, reserved 1114112K
  class space    used 352K, committed 448K, reserved 1048576K
}
Event: 2.935 GC heap after
{Heap after GC invocations=2 (full 0):
 garbage-first heap   total 131072K, used 4686K [0x0000000080000000, 0x0000000100000000)
  region size 1024K, 1 young (1024K), 1 survivors (1024K)
 Metaspace       used 3550K, committed 3712K, reserved 1114112K
  class space    used 352K, committed 448K, reserved 1048576K
}
Event: 3.512 GC heap before
{Heap before GC invocations=2 (full 0):
 garbage-first heap   total 131072K, used 10830K [0x0000000080000000, 0x0000000100000000)
  region size 1024K, 8 young (8192K), 1 survivors (1024K)
 Metaspace       used 5855K, committed 6016K, reserved 1114112K
  class space    used 637K, committed 704K, reserved 1048576K
}
Event: 3.518 GC heap after
{Heap after GC invocations=3 (full 0):
 garbage-first heap   total 131072K, used 5434K [0x0000000080000000, 0x0000000100000000)
  region size 1024K, 1 young (1024K), 1 survivors (1024K)
 Metaspace       used 5855K, committed 6016K, reserved 1114112K
  class space    used 637K, committed 704K, reserved 1048576K
}
Event: 6.189 GC heap before
{Heap before GC invocations=3 (full 0):
 garbage-first heap   total 131072K, used 49466K [0x0000000080000000, 0x0000000100000000)
  region size 1024K, 45 young (46080K), 1 survivors (1024K)
 Metaspace       used 15807K, committed 16064K, reserved 1114112K
  class space    used 1861K, committed 1984K, reserved 1048576K
}
Event: 6.200 GC heap after
{Heap after GC invocations=4 (full 0):
 garbage-first heap   total 131072K, used 8355K [0x0000000080000000, 0x0000000100000000)
  region size 1024K, 4 young (4096K), 4 survivors (4096K)
 Metaspace       used 15807K, committed 16064K, reserved 1114112K
  class space    used 1861K, committed 1984K, reserved 1048576K
}

Deoptimization events (20 events):
Event: 6.557 Thread 0x000002877e9670d0 Uncommon trap: trap_request=0xffffffde fr.pc=0x0000028707acb328 relative=0x00000000000001a8
Event: 6.557 Thread 0x000002877e9670d0 Uncommon trap: reason=class_check action=maybe_recompile pc=0x0000028707acb328 method=java.lang.String.equals(Ljava/lang/Object;)Z @ 8 c2
Event: 6.557 Thread 0x000002877e9670d0 DEOPT PACKING pc=0x0000028707acb328 sp=0x000000940d9fe510
Event: 6.557 Thread 0x000002877e9670d0 DEOPT UNPACKING pc=0x0000028700055c23 sp=0x000000940d9fe4a8 mode 2
Event: 6.557 Thread 0x000002877e9670d0 Uncommon trap: trap_request=0xffffffde fr.pc=0x0000028707acb328 relative=0x00000000000001a8
Event: 6.557 Thread 0x000002877e9670d0 Uncommon trap: reason=class_check action=maybe_recompile pc=0x0000028707acb328 method=java.lang.String.equals(Ljava/lang/Object;)Z @ 8 c2
Event: 6.557 Thread 0x000002877e9670d0 DEOPT PACKING pc=0x0000028707acb328 sp=0x000000940d9fe510
Event: 6.557 Thread 0x000002877e9670d0 DEOPT UNPACKING pc=0x0000028700055c23 sp=0x000000940d9fe4a8 mode 2
Event: 6.557 Thread 0x000002877e9670d0 Uncommon trap: trap_request=0xffffffde fr.pc=0x0000028707acb328 relative=0x00000000000001a8
Event: 6.557 Thread 0x000002877e9670d0 Uncommon trap: reason=class_check action=maybe_recompile pc=0x0000028707acb328 method=java.lang.String.equals(Ljava/lang/Object;)Z @ 8 c2
Event: 6.557 Thread 0x000002877e9670d0 DEOPT PACKING pc=0x0000028707acb328 sp=0x000000940d9fe510
Event: 6.557 Thread 0x000002877e9670d0 DEOPT UNPACKING pc=0x0000028700055c23 sp=0x000000940d9fe4a8 mode 2
Event: 6.559 Thread 0x000002877e9670d0 Uncommon trap: trap_request=0xffffffde fr.pc=0x0000028707b95d88 relative=0x00000000000001e8
Event: 6.559 Thread 0x000002877e9670d0 Uncommon trap: reason=class_check action=maybe_recompile pc=0x0000028707b95d88 method=java.lang.String.equals(Ljava/lang/Object;)Z @ 8 c2
Event: 6.559 Thread 0x000002877e9670d0 DEOPT PACKING pc=0x0000028707b95d88 sp=0x000000940d9fe1f0
Event: 6.559 Thread 0x000002877e9670d0 DEOPT UNPACKING pc=0x0000028700055c23 sp=0x000000940d9fe118 mode 2
Event: 6.559 Thread 0x000002877e9670d0 Uncommon trap: trap_request=0xffffffde fr.pc=0x0000028707acb328 relative=0x00000000000001a8
Event: 6.559 Thread 0x000002877e9670d0 Uncommon trap: reason=class_check action=maybe_recompile pc=0x0000028707acb328 method=java.lang.String.equals(Ljava/lang/Object;)Z @ 8 c2
Event: 6.559 Thread 0x000002877e9670d0 DEOPT PACKING pc=0x0000028707acb328 sp=0x000000940d9fe160
Event: 6.559 Thread 0x000002877e9670d0 DEOPT UNPACKING pc=0x0000028700055c23 sp=0x000000940d9fe108 mode 2

Classes loaded (20 events):
Event: 6.460 Loading class java/util/stream/Streams$RangeIntSpliterator
Event: 6.461 Loading class java/util/stream/Streams$RangeIntSpliterator done
Event: 6.462 Loading class java/util/stream/IntPipeline$1
Event: 6.463 Loading class java/util/stream/IntPipeline$1 done
Event: 6.463 Loading class java/util/stream/IntPipeline$1$1
Event: 6.463 Loading class java/util/stream/IntPipeline$1$1 done
Event: 6.474 Loading class java/util/stream/Streams$ConcatSpliterator$OfRef
Event: 6.474 Loading class java/util/stream/Streams$ConcatSpliterator
Event: 6.474 Loading class java/util/stream/Streams$ConcatSpliterator done
Event: 6.474 Loading class java/util/stream/Streams$ConcatSpliterator$OfRef done
Event: 6.474 Loading class java/util/stream/Streams$2
Event: 6.475 Loading class java/util/stream/Streams$2 done
Event: 6.549 Loading class java/util/stream/ReferencePipeline$15
Event: 6.550 Loading class java/util/stream/ReferencePipeline$15 done
Event: 6.551 Loading class java/util/stream/ReferencePipeline$15$1
Event: 6.551 Loading class java/util/stream/ReferencePipeline$15$1 done
Event: 6.961 Loading class java/util/AbstractList$ListItr
Event: 6.961 Loading class java/util/AbstractList$Itr
Event: 6.961 Loading class java/util/AbstractList$Itr done
Event: 6.961 Loading class java/util/AbstractList$ListItr done

Classes unloaded (0 events):
No events

Classes redefined (0 events):
No events

Internal exceptions (20 events):
Event: 4.588 Thread 0x000002877e9670d0 Implicit null exception at 0x0000028707b1d640 to 0x0000028707b1dfd2
Event: 4.739 Thread 0x000002877e9670d0 Exception <a 'java/lang/ClassNotFoundException'{0x0000000086347810}: java/lang/ObjectCustomizer> (0x0000000086347810) 
thrown [s\open\src\hotspot\share\classfile\systemDictionary.cpp, line 255]
Event: 4.746 Thread 0x000002877e9670d0 Exception <a 'java/lang/IncompatibleClassChangeError'{0x000000008634c7f0}: Found class java.lang.Object, but interface was expected> (0x000000008634c7f0) 
thrown [s\open\src\hotspot\share\interpreter\linkResolver.cpp, line 826]
Event: 4.755 Thread 0x000002877e9670d0 Exception <a 'java/lang/ClassNotFoundException'{0x000000008636acf0}: org/springframework/context/annotation/ConfigurationClassPostProcessorCustomizer> (0x000000008636acf0) 
thrown [s\open\src\hotspot\share\classfile\systemDictionary.cpp, line 255]
Event: 4.765 Thread 0x000002877e9670d0 Exception <a 'java/lang/ClassNotFoundException'{0x00000000863b7a00}: org/springframework/beans/factory/support/BeanDefinitionRegistryPostProcessorCustomizer> (0x00000000863b7a00) 
thrown [s\open\src\hotspot\share\classfile\systemDictionary.cpp, line 255]
Event: 4.766 Thread 0x000002877e9670d0 Exception <a 'java/lang/ClassNotFoundException'{0x00000000863bbb98}: org/springframework/beans/factory/config/BeanFactoryPostProcessorCustomizer> (0x00000000863bbb98) 
thrown [s\open\src\hotspot\share\classfile\systemDictionary.cpp, line 255]
Event: 4.767 Thread 0x000002877e9670d0 Exception <a 'java/lang/ClassNotFoundException'{0x00000000863bfcb8}: org/springframework/core/PriorityOrderedCustomizer> (0x00000000863bfcb8) 
thrown [s\open\src\hotspot\share\classfile\systemDictionary.cpp, line 255]
Event: 4.768 Thread 0x000002877e9670d0 Exception <a 'java/lang/ClassNotFoundException'{0x00000000863c2d00}: org/springframework/core/OrderedCustomizer> (0x00000000863c2d00) 
thrown [s\open\src\hotspot\share\classfile\systemDictionary.cpp, line 255]
Event: 4.769 Thread 0x000002877e9670d0 Exception <a 'java/lang/ClassNotFoundException'{0x00000000863c6c28}: org/springframework/context/ResourceLoaderAwareCustomizer> (0x00000000863c6c28) 
thrown [s\open\src\hotspot\share\classfile\systemDictionary.cpp, line 255]
Event: 4.770 Thread 0x000002877e9670d0 Exception <a 'java/lang/ClassNotFoundException'{0x00000000863cad28}: org/springframework/beans/factory/AwareCustomizer> (0x00000000863cad28) 
thrown [s\open\src\hotspot\share\classfile\systemDictionary.cpp, line 255]
Event: 4.770 Thread 0x000002877e9670d0 Exception <a 'java/lang/ClassNotFoundException'{0x00000000863ce068}: org/springframework/beans/factory/BeanClassLoaderAwareCustomizer> (0x00000000863ce068) 
thrown [s\open\src\hotspot\share\classfile\systemDictionary.cpp, line 255]
Event: 4.771 Thread 0x000002877e9670d0 Exception <a 'java/lang/ClassNotFoundException'{0x00000000863d2150}: org/springframework/beans/factory/AwareCustomizer> (0x00000000863d2150) 
thrown [s\open\src\hotspot\share\classfile\systemDictionary.cpp, line 255]
Event: 4.771 Thread 0x000002877e9670d0 Exception <a 'java/lang/ClassNotFoundException'{0x00000000863d4fc8}: org/springframework/context/EnvironmentAwareCustomizer> (0x00000000863d4fc8) 
thrown [s\open\src\hotspot\share\classfile\systemDictionary.cpp, line 255]
Event: 4.772 Thread 0x000002877e9670d0 Exception <a 'java/lang/ClassNotFoundException'{0x00000000863d9268}: org/springframework/beans/factory/AwareCustomizer> (0x00000000863d9268) 
thrown [s\open\src\hotspot\share\classfile\systemDictionary.cpp, line 255]
Event: 5.190 Thread 0x000002877e9670d0 Exception <a 'java/lang/NoSuchMethodError'{0x0000000085f70f98}: 'int java.lang.invoke.DirectMethodHandle$Holder.invokeSpecialIFC(java.lang.Object, java.lang.Object, java.lang.Object, java.lang.Object)'> (0x0000000085f70f98) 
thrown [s\open\src\hotspot\share\interpreter\linkResolver.cpp, line 759]
Event: 5.435 Thread 0x000002877e9670d0 Exception <a 'java/lang/IncompatibleClassChangeError'{0x0000000085be16a0}: Found class java.lang.Object, but interface was expected> (0x0000000085be16a0) 
thrown [s\open\src\hotspot\share\interpreter\linkResolver.cpp, line 826]
Event: 5.581 Thread 0x000002877e9670d0 Exception <a 'java/lang/NoSuchMethodError'{0x00000000859536f0}: 'void java.lang.invoke.DirectMethodHandle$Holder.invokeInterface(java.lang.Object, java.lang.Object, java.lang.Object, java.lang.Object)'> (0x00000000859536f0) 
thrown [s\open\src\hotspot\share\interpreter\linkResolver.cpp, line 759]
Event: 6.462 Thread 0x000002877e9670d0 Exception <a 'java/lang/NoSuchMethodError'{0x0000000087b5b2a8}: 'java.lang.Object java.lang.invoke.DirectMethodHandle$Holder.invokeStatic(java.lang.Object, java.lang.Object, java.lang.Object, java.lang.Object, int)'> (0x0000000087b5b2a8) 
thrown [s\open\src\hotspot\share\interpreter\linkResolver.cpp, line 759]
Event: 6.538 Thread 0x000002877e9670d0 Exception <a 'java/lang/NoSuchMethodError'{0x0000000087a2f4b0}: 'java.lang.Object java.lang.invoke.DirectMethodHandle$Holder.invokeSpecialIFC(java.lang.Object, java.lang.Object, java.lang.Object, java.lang.Object)'> (0x0000000087a2f4b0) 
thrown [s\open\src\hotspot\share\interpreter\linkResolver.cpp, line 759]
Event: 6.539 Thread 0x000002877e9670d0 Exception <a 'java/lang/NoSuchMethodError'{0x0000000087a36000}: 'java.lang.Object java.lang.invoke.DirectMethodHandle$Holder.invokeSpecialIFC(java.lang.Object, java.lang.Object, java.lang.Object)'> (0x0000000087a36000) 
thrown [s\open\src\hotspot\share\interpreter\linkResolver.cpp, line 759]

VM Operations (20 events):
Event: 4.751 Executing VM operation: HandshakeAllThreads
Event: 4.751 Executing VM operation: HandshakeAllThreads done
Event: 4.793 Executing VM operation: HandshakeAllThreads
Event: 4.793 Executing VM operation: HandshakeAllThreads done
Event: 5.797 Executing VM operation: Cleanup
Event: 5.797 Executing VM operation: Cleanup done
Event: 6.189 Executing VM operation: G1CollectForAllocation
Event: 6.200 Executing VM operation: G1CollectForAllocation done
Event: 6.376 Executing VM operation: HandshakeAllThreads
Event: 6.376 Executing VM operation: HandshakeAllThreads done
Event: 6.428 Executing VM operation: HandshakeAllThreads
Event: 6.428 Executing VM operation: HandshakeAllThreads done
Event: 6.429 Executing VM operation: HandshakeAllThreads
Event: 6.429 Executing VM operation: HandshakeAllThreads done
Event: 6.455 Executing VM operation: HandshakeAllThreads
Event: 6.455 Executing VM operation: HandshakeAllThreads done
Event: 6.918 Executing VM operation: ICBufferFull
Event: 6.918 Executing VM operation: ICBufferFull done
Event: 7.944 Executing VM operation: Cleanup
Event: 8.009 Executing VM operation: Cleanup done

Events (20 events):
Event: 1.504 Thread 0x000002877a14a910 Thread added: 0x000002877a14a910
Event: 1.947 Thread 0x000002876bcf3520 Thread added: 0x000002876bcf3520
Event: 2.105 Loaded shared library C:\Users\sfjbs\.jdks\openjdk-18.0.2.1\bin\zip.dll
Event: 2.214 Loaded shared library C:\Users\sfjbs\.jdks\openjdk-18.0.2.1\bin\instrument.dll
Event: 2.235 Loaded shared library C:\Users\sfjbs\.jdks\openjdk-18.0.2.1\bin\jimage.dll
Event: 2.248 Loaded shared library C:\Users\sfjbs\.jdks\openjdk-18.0.2.1\bin\net.dll
Event: 2.263 Loaded shared library C:\Users\sfjbs\.jdks\openjdk-18.0.2.1\bin\nio.dll
Event: 2.267 Loaded shared library C:\Users\sfjbs\.jdks\openjdk-18.0.2.1\bin\zip.dll
Event: 2.358 Loaded shared library C:\Program Files\JetBrains\IntelliJ IDEA Community Edition 2022.2.1\bin\breakgen64.dll
Event: 2.359 Thread 0x000002877e70e930 Thread added: 0x000002877e70e930
Event: 2.360 Thread 0x000002877e71ad40 Thread added: 0x000002877e71ad40
Event: 2.437 Loaded shared library C:\Users\sfjbs\.jdks\openjdk-18.0.2.1\bin\verify.dll
Event: 3.084 Loaded shared library C:\Users\sfjbs\.jdks\openjdk-18.0.2.1\bin\management.dll
Event: 3.087 Loaded shared library C:\Users\sfjbs\.jdks\openjdk-18.0.2.1\bin\management_ext.dll
Event: 3.179 Thread 0x000002877e966790 Thread added: 0x000002877e966790
Event: 3.184 Thread 0x000002877e9670d0 Thread added: 0x000002877e9670d0
Event: 3.273 Thread 0x000002877f0407e0 Thread added: 0x000002877f0407e0
Event: 4.293 Thread 0x000002877f0407e0 Thread exited: 0x000002877f0407e0
Event: 5.281 Thread 0x000002877f4cbe50 Thread added: 0x000002877f4cbe50
Event: 5.417 Thread 0x000002877f4cbe50 Thread exited: 0x000002877f4cbe50


Dynamic libraries:
0x00007ff62c7d0000 - 0x00007ff62c7de000 	C:\Users\sfjbs\.jdks\openjdk-18.0.2.1\bin\java.exe
0x00007ffceaa50000 - 0x00007ffceac48000 	C:\Windows\SYSTEM32\ntdll.dll
0x00007ffce9670000 - 0x00007ffce972d000 	C:\Windows\System32\KERNEL32.DLL
0x00007ffce87b0000 - 0x00007ffce8a7e000 	C:\Windows\System32\KERNELBASE.dll
0x00007ffce8410000 - 0x00007ffce8510000 	C:\Windows\System32\ucrtbase.dll
0x00007ffcd2b20000 - 0x00007ffcd2b37000 	C:\Users\sfjbs\.jdks\openjdk-18.0.2.1\bin\jli.dll
0x00007ffce8d50000 - 0x00007ffce8ef0000 	C:\Windows\System32\USER32.dll
0x00007ffce8a80000 - 0x00007ffce8aa2000 	C:\Windows\System32\win32u.dll
0x00007ffce97a0000 - 0x00007ffce97ca000 	C:\Windows\System32\GDI32.dll
0x00007ffce81c0000 - 0x00007ffce82cb000 	C:\Windows\System32\gdi32full.dll
0x00007ffce8340000 - 0x00007ffce83dd000 	C:\Windows\System32\msvcp_win.dll
0x00007ffcd2850000 - 0x00007ffcd286a000 	C:\Users\sfjbs\.jdks\openjdk-18.0.2.1\bin\VCRUNTIME140.dll
0x00007ffcd3690000 - 0x00007ffcd392a000 	C:\Windows\WinSxS\amd64_microsoft.windows.common-controls_6595b64144ccf1df_6.0.19041.1110_none_60b5254171f9507e\COMCTL32.dll
0x00007ffce9ae0000 - 0x00007ffce9b7e000 	C:\Windows\System32\msvcrt.dll
0x00007ffce9640000 - 0x00007ffce9670000 	C:\Windows\System32\IMM32.DLL
0x00007ffce2420000 - 0x00007ffce242c000 	C:\Users\sfjbs\.jdks\openjdk-18.0.2.1\bin\vcruntime140_1.dll
0x00007ffcd0950000 - 0x00007ffcd09dd000 	C:\Users\sfjbs\.jdks\openjdk-18.0.2.1\bin\msvcp140.dll
0x00007ffc8d9c0000 - 0x00007ffc8e5d1000 	C:\Users\sfjbs\.jdks\openjdk-18.0.2.1\bin\server\jvm.dll
0x00007ffcea790000 - 0x00007ffcea83e000 	C:\Windows\System32\ADVAPI32.dll
0x00007ffcea970000 - 0x00007ffceaa0c000 	C:\Windows\System32\sechost.dll
0x00007ffcea840000 - 0x00007ffcea965000 	C:\Windows\System32\RPCRT4.dll
0x00007ffce8d40000 - 0x00007ffce8d48000 	C:\Windows\System32\PSAPI.DLL
0x00007ffcd8e10000 - 0x00007ffcd8e19000 	C:\Windows\SYSTEM32\WSOCK32.dll
0x00007ffce9ff0000 - 0x00007ffcea05b000 	C:\Windows\System32\WS2_32.dll
0x00007ffcd2aa0000 - 0x00007ffcd2ac7000 	C:\Windows\SYSTEM32\WINMM.dll
0x00007ffce0620000 - 0x00007ffce062a000 	C:\Windows\SYSTEM32\VERSION.dll
0x00007ffce6050000 - 0x00007ffce6062000 	C:\Windows\SYSTEM32\kernel.appcore.dll
0x00007ffcd3930000 - 0x00007ffcd393a000 	C:\Users\sfjbs\.jdks\openjdk-18.0.2.1\bin\jimage.dll
0x00007ffcd63d0000 - 0x00007ffcd65b4000 	C:\Windows\SYSTEM32\DBGHELP.DLL
0x00007ffcd9d10000 - 0x00007ffcd9d3c000 	C:\Windows\SYSTEM32\dbgcore.DLL
0x00007ffce8670000 - 0x00007ffce86f2000 	C:\Windows\System32\bcryptPrimitives.dll
0x00007ffcd0dd0000 - 0x00007ffcd0dde000 	C:\Users\sfjbs\.jdks\openjdk-18.0.2.1\bin\instrument.dll
0x00007ffcd07b0000 - 0x00007ffcd07d5000 	C:\Users\sfjbs\.jdks\openjdk-18.0.2.1\bin\java.dll
0x00007ffccfd30000 - 0x00007ffccfe06000 	C:\Users\sfjbs\.jdks\openjdk-18.0.2.1\bin\jsvml.dll
0x00007ffce8ef0000 - 0x00007ffce9634000 	C:\Windows\System32\SHELL32.dll
0x00007ffce6250000 - 0x00007ffce69e4000 	C:\Windows\SYSTEM32\windows.storage.dll
0x00007ffcea430000 - 0x00007ffcea784000 	C:\Windows\System32\combase.dll
0x00007ffce7a20000 - 0x00007ffce7a50000 	C:\Windows\SYSTEM32\Wldp.dll
0x00007ffce8b10000 - 0x00007ffce8bbd000 	C:\Windows\System32\SHCORE.dll
0x00007ffce9740000 - 0x00007ffce9795000 	C:\Windows\System32\shlwapi.dll
0x00007ffce80b0000 - 0x00007ffce80cf000 	C:\Windows\SYSTEM32\profapi.dll
0x00007ffcd1240000 - 0x00007ffcd1258000 	C:\Users\sfjbs\.jdks\openjdk-18.0.2.1\bin\zip.dll
0x00007ffcd26f0000 - 0x00007ffcd2703000 	C:\Users\sfjbs\.jdks\openjdk-18.0.2.1\bin\net.dll
0x00007ffcdfca0000 - 0x00007ffcdfdaa000 	C:\Windows\SYSTEM32\WINHTTP.dll
0x00007ffce7800000 - 0x00007ffce786a000 	C:\Windows\system32\mswsock.dll
0x00007ffcd2610000 - 0x00007ffcd2626000 	C:\Users\sfjbs\.jdks\openjdk-18.0.2.1\bin\nio.dll
0x00007ffcd0790000 - 0x00007ffcd07aa000 	C:\Program Files\JetBrains\IntelliJ IDEA Community Edition 2022.2.1\bin\breakgen64.dll
0x00007ffcd26d0000 - 0x00007ffcd26e0000 	C:\Users\sfjbs\.jdks\openjdk-18.0.2.1\bin\verify.dll
0x00007ffcd0730000 - 0x00007ffcd0739000 	C:\Users\sfjbs\.jdks\openjdk-18.0.2.1\bin\management.dll
0x00007ffcd0680000 - 0x00007ffcd068b000 	C:\Users\sfjbs\.jdks\openjdk-18.0.2.1\bin\management_ext.dll
0x00007ffcce5b0000 - 0x00007ffcce5c7000 	C:\Windows\system32\napinsp.dll
0x00007ffcce590000 - 0x00007ffcce5ab000 	C:\Windows\system32\pnrpnsp.dll
0x00007ffcce520000 - 0x00007ffcce535000 	C:\Windows\system32\wshbth.dll
0x00007ffce3b30000 - 0x00007ffce3b4d000 	C:\Windows\system32\NLAapi.dll
0x00007ffce7510000 - 0x00007ffce754b000 	C:\Windows\SYSTEM32\IPHLPAPI.DLL
0x00007ffce7550000 - 0x00007ffce761a000 	C:\Windows\SYSTEM32\DNSAPI.dll
0x00007ffce98c0000 - 0x00007ffce98c8000 	C:\Windows\System32\NSI.dll
0x00007ffcce500000 - 0x00007ffcce512000 	C:\Windows\System32\winrnr.dll
0x00007ffcdfab0000 - 0x00007ffcdfaba000 	C:\Windows\System32\rasadhlp.dll
0x00007ffcdfc20000 - 0x00007ffcdfca0000 	C:\Windows\System32\fwpuclnt.dll
0x00007ffce83e0000 - 0x00007ffce8407000 	C:\Windows\System32\bcrypt.dll

dbghelp: loaded successfully - version: 4.0.5 - missing functions: none
symbol engine: initialized successfully - sym options: 0x614 - pdb path: .;C:\Users\sfjbs\.jdks\openjdk-18.0.2.1\bin;C:\Windows\SYSTEM32;C:\Windows\WinSxS\amd64_microsoft.windows.common-controls_6595b64144ccf1df_6.0.19041.1110_none_60b5254171f9507e;C:\Users\sfjbs\.jdks\openjdk-18.0.2.1\bin\server;C:\Program Files\JetBrains\IntelliJ IDEA Community Edition 2022.2.1\bin

VM Arguments:
jvm_args: -javaagent:C:\Program Files\JetBrains\IntelliJ IDEA Community Edition 2022.2.1\lib\idea_rt.jar=50378:C:\Program Files\JetBrains\IntelliJ IDEA Community Edition 2022.2.1\bin -Dfile.encoding=UTF-8 -Dsun.stdout.encoding=UTF-8 -Dsun.stderr.encoding=UTF-8 
java_command: com.spring.mongo.demo.SpringBootMongoDBApplication
java_class_path (initial): C:\Users\sfjbs\Downloads\spring_boot_mongodb-main\spring_boot_mongodb-main\target\classes;C:\Users\sfjbs\.m2\repository\org\springframework\boot\spring-boot-starter-web\2.3.2.RELEASE\spring-boot-starter-web-2.3.2.RELEASE.jar;C:\Users\sfjbs\.m2\repository\org\springframework\boot\spring-boot-starter\2.3.2.RELEASE\spring-boot-starter-2.3.2.RELEASE.jar;C:\Users\sfjbs\.m2\repository\org\springframework\boot\spring-boot-starter-logging\2.3.2.RELEASE\spring-boot-starter-logging-2.3.2.RELEASE.jar;C:\Users\sfjbs\.m2\repository\ch\qos\logback\logback-classic\1.2.3\logback-classic-1.2.3.jar;C:\Users\sfjbs\.m2\repository\ch\qos\logback\logback-core\1.2.3\logback-core-1.2.3.jar;C:\Users\sfjbs\.m2\repository\org\apache\logging\log4j\log4j-to-slf4j\2.13.3\log4j-to-slf4j-2.13.3.jar;C:\Users\sfjbs\.m2\repository\org\apache\logging\log4j\log4j-api\2.13.3\log4j-api-2.13.3.jar;C:\Users\sfjbs\.m2\repository\org\slf4j\jul-to-slf4j\1.7.30\jul-to-slf4j-1.7.30.jar;C:\Users\sfjbs\.m2\repository\jakarta\annotation\jakarta.annotation-api\1.3.5\jakarta.annotation-api-1.3.5.jar;C:\Users\sfjbs\.m2\repository\org\yaml\snakeyaml\1.26\snakeyaml-1.26.jar;C:\Users\sfjbs\.m2\repository\org\springframework\boot\spring-boot-starter-json\2.3.2.RELEASE\spring-boot-starter-json-2.3.2.RELEASE.jar;C:\Users\sfjbs\.m2\repository\com\fasterxml\jackson\core\jackson-databind\2.11.1\jackson-databind-2.11.1.jar;C:\Users\sfjbs\.m2\repository\com\fasterxml\jackson\core\jackson-annotations\2.11.1\jackson-annotations-2.11.1.jar;C:\Users\sfjbs\.m2\repository\com\fasterxml\jackson\core\jackson-core\2.11.1\jackson-core-2.11.1.jar;C:\Users\sfjbs\.m2\repository\com\fasterxml\jackson\datatype\jackson-datatype-jdk8\2.11.1\jackson-datatype-jdk8-2.11.1.jar;C:\Users\sfjbs\.m2\repository\com\fasterxml\jackson\datatype\jackson-datatype-jsr310\2.11.1\jackson-datatype-jsr310-2.11.1.jar;C:\Users\sfjbs\.m2\repository\com\fasterxml\jackson\module\jackson-module-parameter-names\2.11.1\jackson-module-parameter-names-2.11.1.jar;C:\Users\sfjbs\.m2\repository\org\springframework\boot\spring-boot-starter-tomcat\2.3.2.RELEASE\spring-boot-starter-tomcat-2.3.2.RELEASE.jar;C:\Users\sfjbs\.m2\repository\org\apache\tomcat\embed\tomcat-embed-core\9.0.37\tomcat-embed-core-9.0.37.jar;C:\Users\sfjbs\.m2\repository\org\glassfish\jakarta.el\3.0.3\jakarta.el-3.0.3.jar;C:\Users\sfjbs\.m2\repository\org\apache\tomcat\embed\tomcat-embed-websocket\9.0.37\tomcat-embed-websocket-9.0.37.jar;C:\Users\sfjbs\.m2\repository\org\springframework\spring-web\5.2.8.RELEASE\spring-web-5.2.8.RELEASE.jar;C:\Users\sfjbs\.m2\repository\org\springframework\spring-beans\5.2.8.RELEASE\spring-beans-5.2.8.RELEASE.jar;C:\Users\sfjbs\.m2\repository\org\springframework\spring-webmvc\5.2.8.RELEASE\spring-webmvc-5.2.8.RELEASE.jar;C:\Users\sfjbs\.m2\repository\org\springframework\spring-aop\5.2.8.RELEASE\spring-aop-5.2.8.RELEASE.jar;C:\Users\sfjbs\.m2\repository\org\springframework\spring-context\5.2.8.RELEASE\spring-context-5.2.8.RELEASE.jar;C:\Users\sfjbs\.m2\repository\org\springframework\spring-expression\5.2.8.RELEASE\spring-expression-5.2.8.RELEASE.jar;C:\Users\sfjbs\.m2\repository\org\springframework\boot\spring-boot-starter-data-mongodb\2.3.2.RELEASE\spring-boot-starter-data-mongodb-2.3.2.RELEASE.jar;C:\Users\sfjbs\.m2\repository\org\mongodb\mongodb-driver-sync\4.0.5\mongodb-driver-sync-4.0.5.jar;C:\Users\sfjbs\.m2\repository\org\mongodb\bson\4.0.5\bson-4.0.5.jar;C:\Users\sfjbs\.m2\repository\org\mongodb\mongodb-driver-core\4.0.5\mongodb-driver-core-4.0.5.jar;C:\Users\sfjbs\.m2\repository\org\springframework\data\spring-data-mongodb\3.0.2.RELEASE\spring-data-mongodb-3.0.2.RELEASE.jar;C:\Users\sfjbs\.m2\repository\org\springframework\spring-tx\5.2.8.RELEASE\spring-tx-5.2.8.RELEASE.jar;C:\Users\sfjbs\.m2\repository\org\springframework\data\spring-data-commons\2.3.2.RELEASE\spring-data-commons-2.3.2.RELEASE.jar;C:\Users\sfjbs\.m2\repository\org\slf4j\slf4j-api\1.7.30\slf4j-api-1.7.30.jar;C:\Users\sfjbs\.m2\repository\org\springframework\boot\spring-boot-devtools\2.3.2.RELEASE\spring-boot-devtools-2.3.2.RELEASE.jar;C:\Users\sfjbs\.m2\repository\org\springframework\boot\spring-boot\2.3.2.RELEASE\spring-boot-2.3.2.RELEASE.jar;C:\Users\sfjbs\.m2\repository\org\springframework\boot\spring-boot-autoconfigure\2.3.2.RELEASE\spring-boot-autoconfigure-2.3.2.RELEASE.jar;C:\Users\sfjbs\.m2\repository\org\projectlombok\lombok\1.18.12\lombok-1.18.12.jar;C:\Users\sfjbs\.m2\repository\org\springframework\spring-core\5.2.8.RELEASE\spring-core-5.2.8.RELEASE.jar;C:\Users\sfjbs\.m2\repository\org\springframework\spring-jcl\5.2.8.RELEASE\spring-jcl-5.2.8.RELEASE.jar
Launcher Type: SUN_STANDARD

[Global flags]
     intx CICompilerCount                          = 2                                         {product} {ergonomic}
     uint ConcGCThreads                            = 1                                         {product} {ergonomic}
     uint G1ConcRefinementThreads                  = 2                                         {product} {ergonomic}
   size_t G1HeapRegionSize                         = 1048576                                   {product} {ergonomic}
    uintx GCDrainStackTargetSize                   = 64                                        {product} {ergonomic}
   size_t InitialHeapSize                          = 134217728                                 {product} {ergonomic}
   size_t MarkStackSize                            = 4194304                                   {product} {ergonomic}
   size_t MaxHeapSize                              = 2147483648                                {product} {ergonomic}
   size_t MaxNewSize                               = 1287651328                                {product} {ergonomic}
   size_t MinHeapDeltaBytes                        = 1048576                                   {product} {ergonomic}
   size_t MinHeapSize                              = 8388608                                   {product} {ergonomic}
    uintx NonNMethodCodeHeapSize                   = 5826188                                {pd product} {ergonomic}
    uintx NonProfiledCodeHeapSize                  = 122916026                              {pd product} {ergonomic}
    uintx ProfiledCodeHeapSize                     = 122916026                              {pd product} {ergonomic}
    uintx ReservedCodeCacheSize                    = 251658240                              {pd product} {ergonomic}
     bool SegmentedCodeCache                       = true                                      {product} {ergonomic}
   size_t SoftMaxHeapSize                          = 2147483648                             {manageable} {ergonomic}
     bool UseCompressedClassPointers               = true                           {product lp64_product} {ergonomic}
     bool UseCompressedOops                        = true                           {product lp64_product} {ergonomic}
     bool UseG1GC                                  = true                                      {product} {ergonomic}
     bool UseLargePagesIndividualAllocation        = false                                  {pd product} {ergonomic}

Logging:
Log output configuration:
 #0: stdout all=warning uptime,level,tags foldmultilines=false
 #1: stderr all=off uptime,level,tags foldmultilines=false

Environment Variables:
PATH=C:\Program Files\Common Files\Oracle\Java\javapath;C:\Windows\system32;C:\Windows;C:\Windows\System32\Wbem;C:\Windows\System32\WindowsPowerShell\v1.0\;C:\Windows\System32\OpenSSH\;C:\Program Files\PuTTY\;C:\Program Files\Git\cmd;C:\Program Files\Docker\Docker\resources\bin;C:\ProgramData\DockerDesktop\version-bin;C:\Users\sfjbs\Downloads\apache-maven-3.8.6-bin\apache-maven-3.8.6\bin;C:\Users\sfjbs\Downloads\apache-maven-3.8.6-bin\apache-maven-3.8.6\lib;C:\Users\sfjbs\AppData\Local\Microsoft\WindowsApps;C:\Program Files\JetBrains\IntelliJ IDEA Community Edition 2022.2.1\bin;;C:\Users\sfjbs\Downloads\apache-maven-3.8.6-bin\apache-maven-3.8.6\bin;C:\Users\sfjbs\Downloads\apache-maven-3.8.6-bin\apache-maven-3.8.6\lib;
USERNAME=sfjbs
OS=Windows_NT
PROCESSOR_IDENTIFIER=Intel64 Family 6 Model 85 Stepping 7, GenuineIntel



---------------  S Y S T E M  ---------------

OS:
 Windows 10 , 64 bit Build 19041 (10.0.19041.1889)
OS uptime: 3 days 13:42 hours
Hyper-V role detected

CPU: total 2 (initial active 2) (1 cores per cpu, 2 threads per core) family 6 model 85 stepping 7 microcode 0xffffffff, cx8, cmov, fxsr, ht, mmx, 3dnowpref, sse, sse2, sse3, ssse3, sse4.1, sse4.2, popcnt, lzcnt, tsc, avx, avx2, aes, erms, clmul, bmi1, bmi2, rtm, adx, avx512f, avx512dq, avx512cd, avx512bw, avx512vl, fma, vzeroupper, clflush, clflushopt, hv

Memory: 4k page, system-wide physical 8190M (449M free)
TotalPageFile size 10238M (AvailPageFile size 6M)
current process WorkingSet (physical memory assigned to process): 135M, peak: 135M
current process commit charge ("private bytes"): 243M, peak: 244M

vm_info: OpenJDK 64-Bit Server VM (18.0.2.1+1-1) for windows-amd64 JRE (18.0.2.1+1-1), built on Aug 16 2022 01:44:29 by "mach5one" with MS VC++ 16.8 / 16.9 (VS2019)

END.
