#
# There is insufficient memory for the Java Runtime Environment to continue.
# Native memory allocation (malloc) failed to allocate 32744 bytes for ChunkPool::allocate
# Possible reasons:
#   The system is out of physical RAM or swap space
#   The process is running with CompressedOops enabled, and the Java Heap may be blocking the growth of the native heap
# Possible solutions:
#   Reduce memory load on the system
#   Increase physical memory or swap space
#   Check if swap backing store is full
#   Decrease Java heap size (-Xmx/-Xms)
#   Decrease number of Java threads
#   Decrease Java thread stack sizes (-Xss)
#   Set larger code cache with -XX:ReservedCodeCacheSize=
#   JVM is running with Unscaled Compressed Oops mode in which the Java heap is
#     placed in the first 4GB address space. The Java Heap base address is the
#     maximum limit for the native heap growth. Please use -XX:HeapBaseMinAddress
#     to set the Java Heap base and to place the Java Heap above 4GB virtual address.
# This output file may be truncated or incomplete.
#
#  Out of Memory Error (./open/src/hotspot/share/memory/arena.cpp:81), pid=1428, tid=2472
#
# JRE version: Java(TM) SE Runtime Environment 18.9 (11.0.15+8) (build 11.0.15+8-LTS-149)
# Java VM: Java HotSpot(TM) 64-Bit Server VM 18.9 (11.0.15+8-LTS-149, mixed mode, tiered, compressed oops, g1 gc, windows-amd64)
# No core dump will be written. Minidumps are not enabled by default on client versions of Windows
#

---------------  S U M M A R Y ------------

Command Line: -javaagent:C:\Program Files\JetBrains\IntelliJ IDEA Community Edition 2022.2.1\lib\idea_rt.jar=60366:C:\Program Files\JetBrains\IntelliJ IDEA Community Edition 2022.2.1\bin -Dfile.encoding=UTF-8 com.training.messaging.standaloneactivemqexample.StandaloneActivemqExampleApplication

Host: Intel(R) Xeon(R) Platinum 8272CL CPU @ 2.60GHz, 2 cores, 7G,  Windows 10 , 64 bit Build 19041 (10.0.19041.1889)
Time: Fri Sep  2 06:28:42 2022 Coordinated Universal Time elapsed time: 7.599003 seconds (0d 0h 0m 7s)

---------------  T H R E A D  ---------------

Current thread (0x00000265f3d24000):  JavaThread "C2 CompilerThread0" daemon [_thread_in_native, id=2472, stack(0x000000be16c00000,0x000000be16d00000)]


Current CompileTask:
C2:   7599 2457       4       java.lang.invoke.MethodType::makeImpl (108 bytes)

Stack: [0x000000be16c00000,0x000000be16d00000]
Native frames: (J=compiled Java code, j=interpreted, Vv=VM code, C=native code)
V  [jvm.dll+0x629d8a]
V  [jvm.dll+0x7638ff]
V  [jvm.dll+0x764fa9]
V  [jvm.dll+0x765633]
V  [jvm.dll+0x23d9c8]
V  [jvm.dll+0xb2c7b]
V  [jvm.dll+0xb2fdc]
V  [jvm.dll+0x345dbd]
V  [jvm.dll+0x522a96]
V  [jvm.dll+0x30e9e2]
V  [jvm.dll+0x30dcfa]
V  [jvm.dll+0x1f8565]
V  [jvm.dll+0x1f774d]
V  [jvm.dll+0x177c51]
V  [jvm.dll+0x207026]
V  [jvm.dll+0x2051bb]
V  [jvm.dll+0x729820]
V  [jvm.dll+0x7223f4]
V  [jvm.dll+0x628c26]
C  [ucrtbase.dll+0x21bb2]
C  [KERNEL32.DLL+0x17034]
C  [ntdll.dll+0x52651]


---------------  P R O C E S S  ---------------

Threads class SMR info:
_java_thread_list=0x00000265f4b37340, length=11, elements={
0x00000265d68b1000, 0x00000265f3d03800, 0x00000265f3d05000, 0x00000265f45a2800,
0x00000265f3d1f000, 0x00000265f3d20000, 0x00000265f3d24000, 0x00000265f3d27000,
0x00000265f3d2b000, 0x00000265f3ca5800, 0x00000265f495b000
}

Java Threads: ( => current thread )
  0x00000265d68b1000 JavaThread "main" [_thread_in_vm, id=9560, stack(0x000000be16000000,0x000000be16100000)]
  0x00000265f3d03800 JavaThread "Reference Handler" daemon [_thread_blocked, id=8268, stack(0x000000be16700000,0x000000be16800000)]
  0x00000265f3d05000 JavaThread "Finalizer" daemon [_thread_blocked, id=8012, stack(0x000000be16800000,0x000000be16900000)]
  0x00000265f45a2800 JavaThread "Signal Dispatcher" daemon [_thread_blocked, id=12000, stack(0x000000be16900000,0x000000be16a00000)]
  0x00000265f3d1f000 JavaThread "Attach Listener" daemon [_thread_blocked, id=804, stack(0x000000be16a00000,0x000000be16b00000)]
  0x00000265f3d20000 JavaThread "Service Thread" daemon [_thread_blocked, id=5716, stack(0x000000be16b00000,0x000000be16c00000)]
=>0x00000265f3d24000 JavaThread "C2 CompilerThread0" daemon [_thread_in_native, id=2472, stack(0x000000be16c00000,0x000000be16d00000)]
  0x00000265f3d27000 JavaThread "C1 CompilerThread0" daemon [_thread_blocked, id=8084, stack(0x000000be16d00000,0x000000be16e00000)]
  0x00000265f3d2b000 JavaThread "Sweeper thread" daemon [_thread_blocked, id=12052, stack(0x000000be16e00000,0x000000be16f00000)]
  0x00000265f3ca5800 JavaThread "Common-Cleaner" daemon [_thread_blocked, id=10108, stack(0x000000be16f00000,0x000000be17000000)]
  0x00000265f495b000 JavaThread "Monitor Ctrl-Break" daemon [_thread_in_native, id=9248, stack(0x000000be17000000,0x000000be17100000)]

Other Threads:
  0x00000265f3d00800 VMThread "VM Thread" [stack: 0x000000be16600000,0x000000be16700000] [id=6096]
  0x00000265f495c000 WatcherThread [stack: 0x000000be17100000,0x000000be17200000] [id=11324]
  0x00000265d68c6800 GCTaskThread "GC Thread#0" [stack: 0x000000be16100000,0x000000be16200000] [id=11896]
  0x00000265f4c16800 GCTaskThread "GC Thread#1" [stack: 0x000000be17200000,0x000000be17300000] [id=1680]
  0x00000265d68f6000 ConcurrentGCThread "G1 Main Marker" [stack: 0x000000be16200000,0x000000be16300000] [id=12016]
  0x00000265d68f7000 ConcurrentGCThread "G1 Conc#0" [stack: 0x000000be16300000,0x000000be16400000] [id=12268]
  0x00000265d697c000 ConcurrentGCThread "G1 Refine#0" [stack: 0x000000be16400000,0x000000be16500000] [id=8020]
  0x00000265d6980000 ConcurrentGCThread "G1 Young RemSet Sampling" [stack: 0x000000be16500000,0x000000be16600000] [id=4776]

Threads with active compile tasks:
C2 CompilerThread0   7615 2457       4       java.lang.invoke.MethodType::makeImpl (108 bytes)

VM state:not at safepoint (normal execution)

VM Mutex/Monitor currently owned by a thread: None

Heap address: 0x0000000080000000, size: 2048 MB, Compressed Oops mode: 32-bit
Narrow klass base: 0x0000000000000000, Narrow klass shift: 3
Compressed class space size: 1073741824 Address: 0x0000000100000000

Heap:
 garbage-first heap   total 131072K, used 18317K [0x0000000080000000, 0x0000000100000000)
  region size 1024K, 15 young (15360K), 4 survivors (4096K)
 Metaspace       used 25557K, capacity 26210K, committed 26496K, reserved 1073152K
  class space    used 2867K, capacity 3137K, committed 3200K, reserved 1048576K
Heap Regions: E=young(eden), S=young(survivor), O=old, HS=humongous(starts), HC=humongous(continues), CS=collection set, F=free, A=archive, TAMS=top-at-mark-start (previous, next)
|   0|0x0000000080000000, 0x0000000080100000, 0x0000000080100000|100%| O|  |TAMS 0x0000000080100000, 0x0000000080000000| Untracked 
|   1|0x0000000080100000, 0x0000000080200000, 0x0000000080200000|100%| O|  |TAMS 0x0000000080200000, 0x0000000080100000| Untracked 
|   2|0x0000000080200000, 0x0000000080300000, 0x0000000080300000|100%| O|  |TAMS 0x0000000080300000, 0x0000000080200000| Untracked 
|   3|0x0000000080300000, 0x0000000080400000, 0x0000000080400000|100%| O|  |TAMS 0x00000000803d8200, 0x0000000080300000| Untracked 
|   4|0x0000000080400000, 0x00000000804ade00, 0x0000000080500000| 67%| O|  |TAMS 0x0000000080400000, 0x0000000080400000| Untracked 
|   5|0x0000000080500000, 0x0000000080500000, 0x0000000080600000|  0%| F|  |TAMS 0x0000000080500000, 0x0000000080500000| Untracked 
|   6|0x0000000080600000, 0x0000000080600000, 0x0000000080700000|  0%| F|  |TAMS 0x0000000080600000, 0x0000000080600000| Untracked 
|   7|0x0000000080700000, 0x0000000080700000, 0x0000000080800000|  0%| F|  |TAMS 0x0000000080700000, 0x0000000080700000| Untracked 
|   8|0x0000000080800000, 0x0000000080800000, 0x0000000080900000|  0%| F|  |TAMS 0x0000000080800000, 0x0000000080800000| Untracked 
|   9|0x0000000080900000, 0x0000000080900000, 0x0000000080a00000|  0%| F|  |TAMS 0x0000000080900000, 0x0000000080900000| Untracked 
|  10|0x0000000080a00000, 0x0000000080a00000, 0x0000000080b00000|  0%| F|  |TAMS 0x0000000080a00000, 0x0000000080a00000| Untracked 
|  11|0x0000000080b00000, 0x0000000080b00000, 0x0000000080c00000|  0%| F|  |TAMS 0x0000000080b00000, 0x0000000080b00000| Untracked 
|  12|0x0000000080c00000, 0x0000000080c00000, 0x0000000080d00000|  0%| F|  |TAMS 0x0000000080c00000, 0x0000000080c00000| Untracked 
|  13|0x0000000080d00000, 0x0000000080d00000, 0x0000000080e00000|  0%| F|  |TAMS 0x0000000080d00000, 0x0000000080d00000| Untracked 
|  14|0x0000000080e00000, 0x0000000080e00000, 0x0000000080f00000|  0%| F|  |TAMS 0x0000000080e00000, 0x0000000080e00000| Untracked 
|  15|0x0000000080f00000, 0x0000000080f00000, 0x0000000081000000|  0%| F|  |TAMS 0x0000000080f00000, 0x0000000080f00000| Untracked 
|  16|0x0000000081000000, 0x0000000081000000, 0x0000000081100000|  0%| F|  |TAMS 0x0000000081000000, 0x0000000081000000| Untracked 
|  17|0x0000000081100000, 0x0000000081100000, 0x0000000081200000|  0%| F|  |TAMS 0x0000000081100000, 0x0000000081100000| Untracked 
|  18|0x0000000081200000, 0x0000000081200000, 0x0000000081300000|  0%| F|  |TAMS 0x0000000081200000, 0x0000000081200000| Untracked 
|  19|0x0000000081300000, 0x0000000081300000, 0x0000000081400000|  0%| F|  |TAMS 0x0000000081300000, 0x0000000081300000| Untracked 
|  20|0x0000000081400000, 0x0000000081400000, 0x0000000081500000|  0%| F|  |TAMS 0x0000000081400000, 0x0000000081400000| Untracked 
|  21|0x0000000081500000, 0x0000000081500000, 0x0000000081600000|  0%| F|  |TAMS 0x0000000081500000, 0x0000000081500000| Untracked 
|  22|0x0000000081600000, 0x0000000081600000, 0x0000000081700000|  0%| F|  |TAMS 0x0000000081600000, 0x0000000081600000| Untracked 
|  23|0x0000000081700000, 0x0000000081700000, 0x0000000081800000|  0%| F|  |TAMS 0x0000000081700000, 0x0000000081700000| Untracked 
|  24|0x0000000081800000, 0x0000000081800000, 0x0000000081900000|  0%| F|  |TAMS 0x0000000081800000, 0x0000000081800000| Untracked 
|  25|0x0000000081900000, 0x0000000081900000, 0x0000000081a00000|  0%| F|  |TAMS 0x0000000081900000, 0x0000000081900000| Untracked 
|  26|0x0000000081a00000, 0x0000000081a00000, 0x0000000081b00000|  0%| F|  |TAMS 0x0000000081a00000, 0x0000000081a00000| Untracked 
|  27|0x0000000081b00000, 0x0000000081b00000, 0x0000000081c00000|  0%| F|  |TAMS 0x0000000081b00000, 0x0000000081b00000| Untracked 
|  28|0x0000000081c00000, 0x0000000081c00000, 0x0000000081d00000|  0%| F|  |TAMS 0x0000000081c00000, 0x0000000081c00000| Untracked 
|  29|0x0000000081d00000, 0x0000000081d00000, 0x0000000081e00000|  0%| F|  |TAMS 0x0000000081d00000, 0x0000000081d00000| Untracked 
|  30|0x0000000081e00000, 0x0000000081e00000, 0x0000000081f00000|  0%| F|  |TAMS 0x0000000081e00000, 0x0000000081e00000| Untracked 
|  31|0x0000000081f00000, 0x0000000081f00000, 0x0000000082000000|  0%| F|  |TAMS 0x0000000081f00000, 0x0000000081f00000| Untracked 
|  32|0x0000000082000000, 0x0000000082000000, 0x0000000082100000|  0%| F|  |TAMS 0x0000000082000000, 0x0000000082000000| Untracked 
|  33|0x0000000082100000, 0x0000000082100000, 0x0000000082200000|  0%| F|  |TAMS 0x0000000082100000, 0x0000000082100000| Untracked 
|  34|0x0000000082200000, 0x0000000082200000, 0x0000000082300000|  0%| F|  |TAMS 0x0000000082200000, 0x0000000082200000| Untracked 
|  35|0x0000000082300000, 0x0000000082300000, 0x0000000082400000|  0%| F|  |TAMS 0x0000000082300000, 0x0000000082300000| Untracked 
|  36|0x0000000082400000, 0x0000000082400000, 0x0000000082500000|  0%| F|  |TAMS 0x0000000082400000, 0x0000000082400000| Untracked 
|  37|0x0000000082500000, 0x0000000082500000, 0x0000000082600000|  0%| F|  |TAMS 0x0000000082500000, 0x0000000082500000| Untracked 
|  38|0x0000000082600000, 0x0000000082600000, 0x0000000082700000|  0%| F|  |TAMS 0x0000000082600000, 0x0000000082600000| Untracked 
|  39|0x0000000082700000, 0x0000000082700000, 0x0000000082800000|  0%| F|  |TAMS 0x0000000082700000, 0x0000000082700000| Untracked 
|  40|0x0000000082800000, 0x0000000082800000, 0x0000000082900000|  0%| F|  |TAMS 0x0000000082800000, 0x0000000082800000| Untracked 
|  41|0x0000000082900000, 0x0000000082900000, 0x0000000082a00000|  0%| F|  |TAMS 0x0000000082900000, 0x0000000082900000| Untracked 
|  42|0x0000000082a00000, 0x0000000082a00000, 0x0000000082b00000|  0%| F|  |TAMS 0x0000000082a00000, 0x0000000082a00000| Untracked 
|  43|0x0000000082b00000, 0x0000000082b00000, 0x0000000082c00000|  0%| F|  |TAMS 0x0000000082b00000, 0x0000000082b00000| Untracked 
|  44|0x0000000082c00000, 0x0000000082c00000, 0x0000000082d00000|  0%| F|  |TAMS 0x0000000082c00000, 0x0000000082c00000| Untracked 
|  45|0x0000000082d00000, 0x0000000082d00000, 0x0000000082e00000|  0%| F|  |TAMS 0x0000000082d00000, 0x0000000082d00000| Untracked 
|  46|0x0000000082e00000, 0x0000000082e00000, 0x0000000082f00000|  0%| F|  |TAMS 0x0000000082e00000, 0x0000000082e00000| Untracked 
|  47|0x0000000082f00000, 0x0000000082f00000, 0x0000000083000000|  0%| F|  |TAMS 0x0000000082f00000, 0x0000000082f00000| Untracked 
|  48|0x0000000083000000, 0x0000000083000000, 0x0000000083100000|  0%| F|  |TAMS 0x0000000083000000, 0x0000000083000000| Untracked 
|  49|0x0000000083100000, 0x0000000083100000, 0x0000000083200000|  0%| F|  |TAMS 0x0000000083100000, 0x0000000083100000| Untracked 
|  50|0x0000000083200000, 0x0000000083200000, 0x0000000083300000|  0%| F|  |TAMS 0x0000000083200000, 0x0000000083200000| Untracked 
|  51|0x0000000083300000, 0x0000000083300000, 0x0000000083400000|  0%| F|  |TAMS 0x0000000083300000, 0x0000000083300000| Untracked 
|  52|0x0000000083400000, 0x0000000083400000, 0x0000000083500000|  0%| F|  |TAMS 0x0000000083400000, 0x0000000083400000| Untracked 
|  53|0x0000000083500000, 0x0000000083500000, 0x0000000083600000|  0%| F|  |TAMS 0x0000000083500000, 0x0000000083500000| Untracked 
|  54|0x0000000083600000, 0x0000000083600000, 0x0000000083700000|  0%| F|  |TAMS 0x0000000083600000, 0x0000000083600000| Untracked 
|  55|0x0000000083700000, 0x0000000083700000, 0x0000000083800000|  0%| F|  |TAMS 0x0000000083700000, 0x0000000083700000| Untracked 
|  56|0x0000000083800000, 0x0000000083800000, 0x0000000083900000|  0%| F|  |TAMS 0x0000000083800000, 0x0000000083800000| Untracked 
|  57|0x0000000083900000, 0x0000000083900000, 0x0000000083a00000|  0%| F|  |TAMS 0x0000000083900000, 0x0000000083900000| Untracked 
|  58|0x0000000083a00000, 0x0000000083a00000, 0x0000000083b00000|  0%| F|  |TAMS 0x0000000083a00000, 0x0000000083a00000| Untracked 
|  59|0x0000000083b00000, 0x0000000083b00000, 0x0000000083c00000|  0%| F|  |TAMS 0x0000000083b00000, 0x0000000083b00000| Untracked 
|  60|0x0000000083c00000, 0x0000000083c00000, 0x0000000083d00000|  0%| F|  |TAMS 0x0000000083c00000, 0x0000000083c00000| Untracked 
|  61|0x0000000083d00000, 0x0000000083d00000, 0x0000000083e00000|  0%| F|  |TAMS 0x0000000083d00000, 0x0000000083d00000| Untracked 
|  62|0x0000000083e00000, 0x0000000083e00000, 0x0000000083f00000|  0%| F|  |TAMS 0x0000000083e00000, 0x0000000083e00000| Untracked 
|  63|0x0000000083f00000, 0x0000000083f00000, 0x0000000084000000|  0%| F|  |TAMS 0x0000000083f00000, 0x0000000083f00000| Untracked 
|  64|0x0000000084000000, 0x0000000084000000, 0x0000000084100000|  0%| F|  |TAMS 0x0000000084000000, 0x0000000084000000| Untracked 
|  65|0x0000000084100000, 0x0000000084100000, 0x0000000084200000|  0%| F|  |TAMS 0x0000000084100000, 0x0000000084100000| Untracked 
|  66|0x0000000084200000, 0x0000000084200000, 0x0000000084300000|  0%| F|  |TAMS 0x0000000084200000, 0x0000000084200000| Untracked 
|  67|0x0000000084300000, 0x0000000084300000, 0x0000000084400000|  0%| F|  |TAMS 0x0000000084300000, 0x0000000084300000| Untracked 
|  68|0x0000000084400000, 0x0000000084400000, 0x0000000084500000|  0%| F|  |TAMS 0x0000000084400000, 0x0000000084400000| Untracked 
|  69|0x0000000084500000, 0x0000000084500000, 0x0000000084600000|  0%| F|  |TAMS 0x0000000084500000, 0x0000000084500000| Untracked 
|  70|0x0000000084600000, 0x0000000084600000, 0x0000000084700000|  0%| F|  |TAMS 0x0000000084600000, 0x0000000084600000| Untracked 
|  71|0x0000000084700000, 0x0000000084700000, 0x0000000084800000|  0%| F|  |TAMS 0x0000000084700000, 0x0000000084700000| Untracked 
|  72|0x0000000084800000, 0x0000000084800000, 0x0000000084900000|  0%| F|  |TAMS 0x0000000084800000, 0x0000000084800000| Untracked 
|  73|0x0000000084900000, 0x0000000084900000, 0x0000000084a00000|  0%| F|  |TAMS 0x0000000084900000, 0x0000000084900000| Untracked 
|  74|0x0000000084a00000, 0x0000000084a00000, 0x0000000084b00000|  0%| F|  |TAMS 0x0000000084a00000, 0x0000000084a00000| Untracked 
|  75|0x0000000084b00000, 0x0000000084b00000, 0x0000000084c00000|  0%| F|  |TAMS 0x0000000084b00000, 0x0000000084b00000| Untracked 
|  76|0x0000000084c00000, 0x0000000084c00000, 0x0000000084d00000|  0%| F|  |TAMS 0x0000000084c00000, 0x0000000084c00000| Untracked 
|  77|0x0000000084d00000, 0x0000000084d00000, 0x0000000084e00000|  0%| F|  |TAMS 0x0000000084d00000, 0x0000000084d00000| Untracked 
|  78|0x0000000084e00000, 0x0000000084e00000, 0x0000000084f00000|  0%| F|  |TAMS 0x0000000084e00000, 0x0000000084e00000| Untracked 
|  79|0x0000000084f00000, 0x0000000084f00000, 0x0000000085000000|  0%| F|  |TAMS 0x0000000084f00000, 0x0000000084f00000| Untracked 
|  80|0x0000000085000000, 0x0000000085000000, 0x0000000085100000|  0%| F|  |TAMS 0x0000000085000000, 0x0000000085000000| Untracked 
|  81|0x0000000085100000, 0x0000000085100000, 0x0000000085200000|  0%| F|  |TAMS 0x0000000085100000, 0x0000000085100000| Untracked 
|  82|0x0000000085200000, 0x0000000085200000, 0x0000000085300000|  0%| F|  |TAMS 0x0000000085200000, 0x0000000085200000| Untracked 
|  83|0x0000000085300000, 0x0000000085300000, 0x0000000085400000|  0%| F|  |TAMS 0x0000000085300000, 0x0000000085300000| Untracked 
|  84|0x0000000085400000, 0x0000000085400000, 0x0000000085500000|  0%| F|  |TAMS 0x0000000085400000, 0x0000000085400000| Untracked 
|  85|0x0000000085500000, 0x0000000085500000, 0x0000000085600000|  0%| F|  |TAMS 0x0000000085500000, 0x0000000085500000| Untracked 
|  86|0x0000000085600000, 0x0000000085600000, 0x0000000085700000|  0%| F|  |TAMS 0x0000000085600000, 0x0000000085600000| Untracked 
|  87|0x0000000085700000, 0x0000000085700000, 0x0000000085800000|  0%| F|  |TAMS 0x0000000085700000, 0x0000000085700000| Untracked 
|  88|0x0000000085800000, 0x0000000085800000, 0x0000000085900000|  0%| F|  |TAMS 0x0000000085800000, 0x0000000085800000| Untracked 
|  89|0x0000000085900000, 0x0000000085900000, 0x0000000085a00000|  0%| F|  |TAMS 0x0000000085900000, 0x0000000085900000| Untracked 
|  90|0x0000000085a00000, 0x0000000085a00000, 0x0000000085b00000|  0%| F|  |TAMS 0x0000000085a00000, 0x0000000085a00000| Untracked 
|  91|0x0000000085b00000, 0x0000000085b00000, 0x0000000085c00000|  0%| F|  |TAMS 0x0000000085b00000, 0x0000000085b00000| Untracked 
|  92|0x0000000085c00000, 0x0000000085c00000, 0x0000000085d00000|  0%| F|  |TAMS 0x0000000085c00000, 0x0000000085c00000| Untracked 
|  93|0x0000000085d00000, 0x0000000085d00000, 0x0000000085e00000|  0%| F|  |TAMS 0x0000000085d00000, 0x0000000085d00000| Untracked 
|  94|0x0000000085e00000, 0x0000000085e00000, 0x0000000085f00000|  0%| F|  |TAMS 0x0000000085e00000, 0x0000000085e00000| Untracked 
|  95|0x0000000085f00000, 0x0000000085f359a0, 0x0000000086000000| 20%| S|CS|TAMS 0x0000000085f00000, 0x0000000085f00000| Complete 
|  96|0x0000000086000000, 0x0000000086100000, 0x0000000086100000|100%| S|CS|TAMS 0x0000000086000000, 0x0000000086000000| Complete 
|  97|0x0000000086100000, 0x0000000086200000, 0x0000000086200000|100%| S|CS|TAMS 0x0000000086100000, 0x0000000086100000| Complete 
|  98|0x0000000086200000, 0x0000000086300000, 0x0000000086300000|100%| S|CS|TAMS 0x0000000086200000, 0x0000000086200000| Complete 
|  99|0x0000000086300000, 0x0000000086300000, 0x0000000086400000|  0%| F|  |TAMS 0x0000000086300000, 0x0000000086300000| Untracked 
| 100|0x0000000086400000, 0x0000000086400000, 0x0000000086500000|  0%| F|  |TAMS 0x0000000086400000, 0x0000000086400000| Untracked 
| 101|0x0000000086500000, 0x0000000086500000, 0x0000000086600000|  0%| F|  |TAMS 0x0000000086500000, 0x0000000086500000| Untracked 
| 102|0x0000000086600000, 0x0000000086600000, 0x0000000086700000|  0%| F|  |TAMS 0x0000000086600000, 0x0000000086600000| Untracked 
| 103|0x0000000086700000, 0x0000000086700000, 0x0000000086800000|  0%| F|  |TAMS 0x0000000086700000, 0x0000000086700000| Untracked 
| 104|0x0000000086800000, 0x0000000086800000, 0x0000000086900000|  0%| F|  |TAMS 0x0000000086800000, 0x0000000086800000| Untracked 
| 105|0x0000000086900000, 0x0000000086900000, 0x0000000086a00000|  0%| F|  |TAMS 0x0000000086900000, 0x0000000086900000| Untracked 
| 106|0x0000000086a00000, 0x0000000086a00000, 0x0000000086b00000|  0%| F|  |TAMS 0x0000000086a00000, 0x0000000086a00000| Untracked 
| 107|0x0000000086b00000, 0x0000000086b00000, 0x0000000086c00000|  0%| F|  |TAMS 0x0000000086b00000, 0x0000000086b00000| Untracked 
| 108|0x0000000086c00000, 0x0000000086c00000, 0x0000000086d00000|  0%| F|  |TAMS 0x0000000086c00000, 0x0000000086c00000| Untracked 
| 109|0x0000000086d00000, 0x0000000086d00000, 0x0000000086e00000|  0%| F|  |TAMS 0x0000000086d00000, 0x0000000086d00000| Untracked 
| 110|0x0000000086e00000, 0x0000000086e00000, 0x0000000086f00000|  0%| F|  |TAMS 0x0000000086e00000, 0x0000000086e00000| Untracked 
| 111|0x0000000086f00000, 0x0000000086f00000, 0x0000000087000000|  0%| F|  |TAMS 0x0000000086f00000, 0x0000000086f00000| Untracked 
| 112|0x0000000087000000, 0x0000000087000000, 0x0000000087100000|  0%| F|  |TAMS 0x0000000087000000, 0x0000000087000000| Untracked 
| 113|0x0000000087100000, 0x0000000087100000, 0x0000000087200000|  0%| F|  |TAMS 0x0000000087100000, 0x0000000087100000| Untracked 
| 114|0x0000000087200000, 0x0000000087200000, 0x0000000087300000|  0%| F|  |TAMS 0x0000000087200000, 0x0000000087200000| Untracked 
| 115|0x0000000087300000, 0x0000000087300000, 0x0000000087400000|  0%| F|  |TAMS 0x0000000087300000, 0x0000000087300000| Untracked 
| 116|0x0000000087400000, 0x0000000087400000, 0x0000000087500000|  0%| F|  |TAMS 0x0000000087400000, 0x0000000087400000| Untracked 
| 117|0x0000000087500000, 0x0000000087580800, 0x0000000087600000| 50%| E|  |TAMS 0x0000000087500000, 0x0000000087500000| Complete 
| 118|0x0000000087600000, 0x0000000087700000, 0x0000000087700000|100%| E|CS|TAMS 0x0000000087600000, 0x0000000087600000| Complete 
| 119|0x0000000087700000, 0x0000000087800000, 0x0000000087800000|100%| E|CS|TAMS 0x0000000087700000, 0x0000000087700000| Complete 
| 120|0x0000000087800000, 0x0000000087900000, 0x0000000087900000|100%| E|CS|TAMS 0x0000000087800000, 0x0000000087800000| Complete 
| 121|0x0000000087900000, 0x0000000087a00000, 0x0000000087a00000|100%| E|CS|TAMS 0x0000000087900000, 0x0000000087900000| Complete 
| 122|0x0000000087a00000, 0x0000000087b00000, 0x0000000087b00000|100%| E|CS|TAMS 0x0000000087a00000, 0x0000000087a00000| Complete 
| 123|0x0000000087b00000, 0x0000000087c00000, 0x0000000087c00000|100%| E|CS|TAMS 0x0000000087b00000, 0x0000000087b00000| Complete 
| 124|0x0000000087c00000, 0x0000000087d00000, 0x0000000087d00000|100%| E|CS|TAMS 0x0000000087c00000, 0x0000000087c00000| Complete 
| 125|0x0000000087d00000, 0x0000000087e00000, 0x0000000087e00000|100%| E|CS|TAMS 0x0000000087d00000, 0x0000000087d00000| Complete 
| 126|0x0000000087e00000, 0x0000000087f00000, 0x0000000087f00000|100%| E|CS|TAMS 0x0000000087e00000, 0x0000000087e00000| Complete 
| 127|0x0000000087f00000, 0x0000000088000000, 0x0000000088000000|100%| E|CS|TAMS 0x0000000087f00000, 0x0000000087f00000| Complete 

Card table byte_map: [0x00000265ed360000,0x00000265ed760000] _byte_map_base: 0x00000265ecf60000

Marking Bits (Prev, Next): (CMBitMap*) 0x00000265d68ed4b0, (CMBitMap*) 0x00000265d68ed478
 Prev Bits: [0x00000265efb60000, 0x00000265f1b60000)
 Next Bits: [0x00000265edb60000, 0x00000265efb60000)

Polling page: 0x00000265d4830000

Metaspace:

Usage:
  Non-class:     22.53 MB capacity,    22.16 MB ( 98%) used,   310.48 KB (  1%) free+waste,    72.38 KB ( <1%) overhead. 
      Class:      3.06 MB capacity,     2.80 MB ( 91%) used,   234.12 KB (  7%) free+waste,    35.88 KB (  1%) overhead. 
       Both:     25.60 MB capacity,    24.96 MB ( 98%) used,   544.59 KB (  2%) free+waste,   108.25 KB ( <1%) overhead. 

Virtual space:
  Non-class space:       24.00 MB reserved,      22.75 MB ( 95%) committed 
      Class space:        1.00 GB reserved,       3.13 MB ( <1%) committed 
             Both:        1.02 GB reserved,      25.88 MB (  2%) committed 

Chunk freelists:
   Non-Class:  3.88 KB
       Class:  3.88 KB
        Both:  7.75 KB

CodeHeap 'non-profiled nmethods': size=120064Kb used=933Kb max_used=933Kb free=119130Kb
 bounds [0x00000265e5a20000, 0x00000265e5c90000, 0x00000265ecf60000]
CodeHeap 'profiled nmethods': size=120000Kb used=5139Kb max_used=5139Kb free=114861Kb
 bounds [0x00000265de4f0000, 0x00000265dea00000, 0x00000265e5a20000]
CodeHeap 'non-nmethods': size=5696Kb used=1132Kb max_used=1156Kb free=4563Kb
 bounds [0x00000265ddf60000, 0x00000265de1d0000, 0x00000265de4f0000]
 total_blobs=2934 nmethods=2496 adapters=349
 compilation: enabled
              stopped_count=0, restarted_count=0
 full_count=0

Compilation events (10 events):
Event: 7.590 Thread 0x00000265f3d27000 2494       3       java.util.Collections$UnmodifiableMap::forEach (11 bytes)
Event: 7.590 Thread 0x00000265f3d27000 nmethod 2494 0x00000265de9f2a10 code [0x00000265de9f2bc0, 0x00000265de9f2d88]
Event: 7.590 Thread 0x00000265f3d27000 2495       1       org.springframework.beans.factory.support.AbstractBeanDefinition::getFactoryMethodName (5 bytes)
Event: 7.590 Thread 0x00000265f3d27000 nmethod 2495 0x00000265e5b09490 code [0x00000265e5b09620, 0x00000265e5b096d8]
Event: 7.592 Thread 0x00000265f3d27000 2496       3       java.util.Collections::addAll (43 bytes)
Event: 7.592 Thread 0x00000265f3d27000 nmethod 2496 0x00000265de9f2e90 code [0x00000265de9f3040, 0x00000265de9f32e8]
Event: 7.592 Thread 0x00000265f3d27000 2497       3       org.springframework.beans.factory.support.AbstractBeanFactory::isFactoryBean (65 bytes)
Event: 7.593 Thread 0x00000265f3d27000 nmethod 2497 0x00000265de9f3410 code [0x00000265de9f3660, 0x00000265de9f4508]
Event: 7.594 Thread 0x00000265f3d27000 2498       3       java.util.HashSet::size (8 bytes)
Event: 7.594 Thread 0x00000265f3d27000 nmethod 2498 0x00000265de9f4810 code [0x00000265de9f49a0, 0x00000265de9f4b38]

GC Heap History (10 events):
Event: 2.033 GC heap before
{Heap before GC invocations=1 (full 0):
 garbage-first heap   total 131072K, used 8252K [0x0000000080000000, 0x0000000100000000)
  region size 1024K, 6 young (6144K), 1 survivors (1024K)
 Metaspace       used 9826K, capacity 10037K, committed 10240K, reserved 1058816K
  class space    used 908K, capacity 984K, committed 1024K, reserved 1048576K
}
Event: 2.041 GC heap after
{Heap after GC invocations=2 (full 0):
 garbage-first heap   total 131072K, used 4012K [0x0000000080000000, 0x0000000100000000)
  region size 1024K, 1 young (1024K), 1 survivors (1024K)
 Metaspace       used 9826K, capacity 10037K, committed 10240K, reserved 1058816K
  class space    used 908K, capacity 984K, committed 1024K, reserved 1048576K
}
Event: 3.171 GC heap before
{Heap before GC invocations=2 (full 0):
 garbage-first heap   total 131072K, used 16300K [0x0000000080000000, 0x0000000100000000)
  region size 1024K, 13 young (13312K), 1 survivors (1024K)
 Metaspace       used 13978K, capacity 14282K, committed 14336K, reserved 1062912K
  class space    used 1404K, capacity 1515K, committed 1536K, reserved 1048576K
}
Event: 3.176 GC heap after
{Heap after GC invocations=3 (full 0):
 garbage-first heap   total 131072K, used 4932K [0x0000000080000000, 0x0000000100000000)
  region size 1024K, 2 young (2048K), 2 survivors (2048K)
 Metaspace       used 13978K, capacity 14282K, committed 14336K, reserved 1062912K
  class space    used 1404K, capacity 1515K, committed 1536K, reserved 1048576K
}
Event: 4.511 GC heap before
{Heap before GC invocations=3 (full 0):
 garbage-first heap   total 131072K, used 22340K [0x0000000080000000, 0x0000000100000000)
  region size 1024K, 19 young (19456K), 2 survivors (2048K)
 Metaspace       used 18063K, capacity 18528K, committed 18560K, reserved 1064960K
  class space    used 1962K, capacity 2157K, committed 2176K, reserved 1048576K
}
Event: 4.519 GC heap after
{Heap after GC invocations=4 (full 0):
 garbage-first heap   total 131072K, used 5983K [0x0000000080000000, 0x0000000100000000)
  region size 1024K, 2 young (2048K), 2 survivors (2048K)
 Metaspace       used 18063K, capacity 18528K, committed 18560K, reserved 1064960K
  class space    used 1962K, capacity 2157K, committed 2176K, reserved 1048576K
}
Event: 5.106 GC heap before
{Heap before GC invocations=4 (full 0):
 garbage-first heap   total 131072K, used 16223K [0x0000000080000000, 0x0000000100000000)
  region size 1024K, 14 young (14336K), 2 survivors (2048K)
 Metaspace       used 20677K, capacity 21120K, committed 21248K, reserved 1069056K
  class space    used 2247K, capacity 2447K, committed 2560K, reserved 1048576K
}
Event: 5.113 GC heap after
{Heap after GC invocations=5 (full 0):
 garbage-first heap   total 131072K, used 6346K [0x0000000080000000, 0x0000000100000000)
  region size 1024K, 3 young (3072K), 3 survivors (3072K)
 Metaspace       used 20677K, capacity 21120K, committed 21248K, reserved 1069056K
  class space    used 2247K, capacity 2447K, committed 2560K, reserved 1048576K
}
Event: 6.669 GC heap before
{Heap before GC invocations=6 (full 0):
 garbage-first heap   total 131072K, used 32970K [0x0000000080000000, 0x0000000100000000)
  region size 1024K, 29 young (29696K), 3 survivors (3072K)
 Metaspace       used 24612K, capacity 25188K, committed 25344K, reserved 1071104K
  class space    used 2766K, capacity 3015K, committed 3072K, reserved 1048576K
}
Event: 6.681 GC heap after
{Heap after GC invocations=7 (full 0):
 garbage-first heap   total 131072K, used 8077K [0x0000000080000000, 0x0000000100000000)
  region size 1024K, 4 young (4096K), 4 survivors (4096K)
 Metaspace       used 24612K, capacity 25188K, committed 25344K, reserved 1071104K
  class space    used 2766K, capacity 3015K, committed 3072K, reserved 1048576K
}

Deoptimization events (10 events):
Event: 5.591 Thread 0x00000265d68b1000 Uncommon trap: reason=bimorphic_or_optimized_type_check action=maybe_recompile pc=0x00000265e5ab3ef0 method=java.util.HashMap.getNode(ILjava/lang/Object;)Ljava/util/HashMap$Node; @ 126 c2
Event: 5.977 Thread 0x00000265d68b1000 Uncommon trap: reason=unstable_if action=reinterpret pc=0x00000265e5ad6498 method=java.util.concurrent.ConcurrentHashMap.addCount(JI)V @ 34 c2
Event: 5.978 Thread 0x00000265f56c6000 Uncommon trap: reason=unstable_if action=reinterpret pc=0x00000265e5a9e344 method=java.nio.Buffer.limit(I)Ljava/nio/Buffer; @ 42 c2
Event: 6.686 Thread 0x00000265d68b1000 Uncommon trap: reason=bimorphic_or_optimized_type_check action=maybe_recompile pc=0x00000265e5ab3ef0 method=java.util.HashMap.getNode(ILjava/lang/Object;)Ljava/util/HashMap$Node; @ 126 c2
Event: 6.716 Thread 0x00000265d68b1000 Uncommon trap: reason=unstable_if action=reinterpret pc=0x00000265e5a9bf5c method=org.springframework.boot.context.properties.source.ConfigurationPropertyName$ElementsParser.add(IILorg/springframework/boot/context/properties/source/ConfigurationPropertyNa
Event: 6.964 Thread 0x00000265d68b1000 Uncommon trap: reason=intrinsic_or_type_checked_inlining action=make_not_entrant pc=0x00000265e5af8d58 method=java.util.Arrays.copyOf([Ljava/lang/Object;ILjava/lang/Class;)[Ljava/lang/Object; @ 35 c2
Event: 7.336 Thread 0x00000265d68b1000 Uncommon trap: reason=class_check action=maybe_recompile pc=0x00000265e5a291dc method=java.lang.String.equals(Ljava/lang/Object;)Z @ 8 c2
Event: 7.336 Thread 0x00000265d68b1000 Uncommon trap: reason=class_check action=maybe_recompile pc=0x00000265e5a291dc method=java.lang.String.equals(Ljava/lang/Object;)Z @ 8 c2
Event: 7.336 Thread 0x00000265d68b1000 Uncommon trap: reason=class_check action=maybe_recompile pc=0x00000265e5a291dc method=java.lang.String.equals(Ljava/lang/Object;)Z @ 8 c2
Event: 7.339 Thread 0x00000265d68b1000 Uncommon trap: reason=class_check action=maybe_recompile pc=0x00000265e5a291dc method=java.lang.String.equals(Ljava/lang/Object;)Z @ 8 c2

Classes redefined (0 events):
No events

Internal exceptions (10 events):
Event: 5.266 Thread 0x00000265d68b1000 Exception <a 'java/lang/ClassNotFoundException'{0x0000000087a9a400}: org/springframework/context/EnvironmentAwareCustomizer> (0x0000000087a9a400) thrown at [./open/src/hotspot/share/classfile/systemDictionary.cpp, line 226]
Event: 5.267 Thread 0x00000265d68b1000 Exception <a 'java/lang/ClassNotFoundException'{0x0000000087ad1028}: org/springframework/beans/factory/AwareCustomizer> (0x0000000087ad1028) thrown at [./open/src/hotspot/share/classfile/systemDictionary.cpp, line 226]
Event: 5.525 Thread 0x00000265f56c6000 Exception <a 'java/lang/NoSuchMethodError'{0x00000000870ddb48}: java.lang.invoke.DirectMethodHandle$Holder.invokeSpecial(Ljava/lang/Object;Ljava/lang/Object;)J> (0x00000000870ddb48) thrown at [./open/src/hotspot/share/interpreter/linkResolver.cpp, line 77
Event: 5.528 Thread 0x00000265f56c6000 Exception <a 'java/lang/NoSuchMethodError'{0x00000000870e8198}: java.lang.invoke.DirectMethodHandle$Holder.invokeStatic(Ljava/lang/Object;Ljava/lang/Object;)J> (0x00000000870e8198) thrown at [./open/src/hotspot/share/interpreter/linkResolver.cpp, line 772
Event: 5.528 Thread 0x00000265f56c6000 Exception <a 'java/lang/NoSuchMethodError'{0x00000000870eafc0}: java.lang.invoke.DirectMethodHandle$Holder.invokeStaticInit(Ljava/lang/Object;Ljava/lang/Object;)J> (0x00000000870eafc0) thrown at [./open/src/hotspot/share/interpreter/linkResolver.cpp, line
Event: 5.530 Thread 0x00000265f56c6000 Exception <a 'java/lang/NoSuchMethodError'{0x00000000870f7480}: java.lang.invoke.DirectMethodHandle$Holder.invokeInterface(Ljava/lang/Object;Ljava/lang/Object;)J> (0x00000000870f7480) thrown at [./open/src/hotspot/share/interpreter/linkResolver.cpp, line 
Event: 5.530 Thread 0x00000265f56c6000 Exception <a 'java/lang/IncompatibleClassChangeError'{0x00000000870fa218}: Found class java.lang.Object, but interface was expected> (0x00000000870fa218) thrown at [./open/src/hotspot/share/interpreter/linkResolver.cpp, line 838]
Event: 5.608 Thread 0x00000265f56c6000 Exception <a 'java/lang/NoSuchMethodError'{0x0000000086e66f80}: java.lang.invoke.DirectMethodHandle$Holder.invokeVirtual(Ljava/lang/Object;Ljava/lang/Object;Ljava/lang/Object;Ljava/lang/Object;)Ljava/lang/Object;> (0x0000000086e66f80) thrown at [./open/sr
Event: 6.042 Thread 0x00000265d68b1000 Exception <a 'java/lang/IncompatibleClassChangeError'{0x00000000868857c0}: Found class java.lang.Object, but interface was expected> (0x00000000868857c0) thrown at [./open/src/hotspot/share/interpreter/linkResolver.cpp, line 838]
Event: 6.178 Thread 0x00000265d68b1000 Exception <a 'java/lang/NoSuchMethodError'{0x0000000086679f60}: java.lang.invoke.DirectMethodHandle$Holder.invokeInterface(Ljava/lang/Object;Ljava/lang/Object;Ljava/lang/Object;Ljava/lang/Object;)V> (0x0000000086679f60) thrown at [./open/src/hotspot/share

Events (10 events):
Event: 7.590 loading class org/springframework/boot/autoconfigure/web/servlet/error/ErrorMvcAutoConfiguration$DefaultErrorViewResolverConfiguration
Event: 7.590 loading class org/springframework/boot/autoconfigure/web/servlet/error/ErrorMvcAutoConfiguration$DefaultErrorViewResolverConfiguration done
Event: 7.591 loading class org/springframework/boot/autoconfigure/web/servlet/error/ErrorViewResolver
Event: 7.591 loading class org/springframework/boot/autoconfigure/web/servlet/error/ErrorViewResolver done
Event: 7.594 loading class org/springframework/boot/autoconfigure/web/servlet/WebMvcAutoConfiguration
Event: 7.594 loading class org/springframework/boot/autoconfigure/web/servlet/WebMvcAutoConfiguration done
Event: 7.595 loading class org/springframework/boot/web/servlet/error/ErrorAttributes
Event: 7.595 loading class org/springframework/boot/web/servlet/error/ErrorAttributes done
Event: 7.596 loading class org/springframework/boot/autoconfigure/web/servlet/error/DefaultErrorViewResolver
Event: 7.596 loading class org/springframework/boot/autoconfigure/web/servlet/error/DefaultErrorViewResolver done


Dynamic libraries:
0x00007ff62d130000 - 0x00007ff62d13f000 	C:\Program Files\Java\jdk-11.0.15\bin\java.exe
0x00007ffb5cf90000 - 0x00007ffb5d188000 	C:\Windows\SYSTEM32\ntdll.dll
0x00007ffb5b030000 - 0x00007ffb5b0ed000 	C:\Windows\System32\KERNEL32.DLL
0x00007ffb5acd0000 - 0x00007ffb5af9e000 	C:\Windows\System32\KERNELBASE.dll
0x00007ffb5a980000 - 0x00007ffb5aa80000 	C:\Windows\System32\ucrtbase.dll
0x00007ffb45ec0000 - 0x00007ffb45ed5000 	C:\Program Files\Java\jdk-11.0.15\bin\VCRUNTIME140.dll
0x00007ffb45ee0000 - 0x00007ffb45ef8000 	C:\Program Files\Java\jdk-11.0.15\bin\jli.dll
0x00007ffb5cdb0000 - 0x00007ffb5ce5e000 	C:\Windows\System32\ADVAPI32.dll
0x00007ffb5b520000 - 0x00007ffb5b5be000 	C:\Windows\System32\msvcrt.dll
0x00007ffb5b3d0000 - 0x00007ffb5b46c000 	C:\Windows\System32\sechost.dll
0x00007ffb5b2a0000 - 0x00007ffb5b3c5000 	C:\Windows\System32\RPCRT4.dll
0x00007ffb5b6d0000 - 0x00007ffb5b870000 	C:\Windows\System32\USER32.dll
0x00007ffb5aca0000 - 0x00007ffb5acc2000 	C:\Windows\System32\win32u.dll
0x00007ffb5cd80000 - 0x00007ffb5cdaa000 	C:\Windows\System32\GDI32.dll
0x00007ffb5a870000 - 0x00007ffb5a97b000 	C:\Windows\System32\gdi32full.dll
0x00007ffb45c20000 - 0x00007ffb45eba000 	C:\Windows\WinSxS\amd64_microsoft.windows.common-controls_6595b64144ccf1df_6.0.19041.1110_none_60b5254171f9507e\COMCTL32.dll
0x00007ffb5a7d0000 - 0x00007ffb5a86d000 	C:\Windows\System32\msvcp_win.dll
0x00007ffb52b00000 - 0x00007ffb52b0a000 	C:\Windows\SYSTEM32\VERSION.dll
0x00007ffb5aff0000 - 0x00007ffb5b020000 	C:\Windows\System32\IMM32.DLL
0x00007ffb45b80000 - 0x00007ffb45c1b000 	C:\Program Files\Java\jdk-11.0.15\bin\msvcp140.dll
0x00007ffb45060000 - 0x00007ffb45b76000 	C:\Program Files\Java\jdk-11.0.15\bin\server\jvm.dll
0x00007ffb5b870000 - 0x00007ffb5b878000 	C:\Windows\System32\PSAPI.DLL
0x00007ffb45050000 - 0x00007ffb45059000 	C:\Windows\SYSTEM32\WSOCK32.dll
0x00007ffb5c2c0000 - 0x00007ffb5c32b000 	C:\Windows\System32\WS2_32.dll
0x00007ffb45020000 - 0x00007ffb45047000 	C:\Windows\SYSTEM32\WINMM.dll
0x00007ffb58590000 - 0x00007ffb585a2000 	C:\Windows\SYSTEM32\kernel.appcore.dll
0x00007ffb476a0000 - 0x00007ffb476b0000 	C:\Program Files\Java\jdk-11.0.15\bin\verify.dll
0x00007ffb4b420000 - 0x00007ffb4b604000 	C:\Windows\SYSTEM32\DBGHELP.DLL
0x00007ffb4b3f0000 - 0x00007ffb4b41c000 	C:\Windows\SYSTEM32\dbgcore.DLL
0x00007ffb5aab0000 - 0x00007ffb5ab32000 	C:\Windows\System32\bcryptPrimitives.dll
0x00007ffb44d40000 - 0x00007ffb44d68000 	C:\Program Files\Java\jdk-11.0.15\bin\java.dll
0x00007ffb47690000 - 0x00007ffb4769a000 	C:\Program Files\Java\jdk-11.0.15\bin\jimage.dll
0x00007ffb47d10000 - 0x00007ffb47d1e000 	C:\Program Files\Java\jdk-11.0.15\bin\instrument.dll
0x00007ffb44d20000 - 0x00007ffb44d36000 	C:\Program Files\Java\jdk-11.0.15\bin\zip.dll
0x00007ffb5c620000 - 0x00007ffb5cd64000 	C:\Windows\System32\SHELL32.dll
0x00007ffb58790000 - 0x00007ffb58f24000 	C:\Windows\SYSTEM32\windows.storage.dll
0x00007ffb5bf60000 - 0x00007ffb5c2b4000 	C:\Windows\System32\combase.dll
0x00007ffb59f60000 - 0x00007ffb59f90000 	C:\Windows\SYSTEM32\Wldp.dll
0x00007ffb5b5c0000 - 0x00007ffb5b66d000 	C:\Windows\System32\SHCORE.dll
0x00007ffb5c5c0000 - 0x00007ffb5c615000 	C:\Windows\System32\shlwapi.dll
0x00007ffb5a5f0000 - 0x00007ffb5a60f000 	C:\Windows\SYSTEM32\profapi.dll
0x00007ffb44ab0000 - 0x00007ffb44ac9000 	C:\Program Files\Java\jdk-11.0.15\bin\net.dll
0x00007ffb52240000 - 0x00007ffb5234a000 	C:\Windows\SYSTEM32\WINHTTP.dll
0x00007ffb59d40000 - 0x00007ffb59daa000 	C:\Windows\system32\mswsock.dll
0x00007ffb44ad0000 - 0x00007ffb44ae2000 	C:\Program Files\Java\jdk-11.0.15\bin\nio.dll
0x00007ffb42030000 - 0x00007ffb4204a000 	C:\Program Files\JetBrains\IntelliJ IDEA Community Edition 2022.2.1\bin\breakgen64.dll
0x00007ffb436a0000 - 0x00007ffb436a9000 	C:\Program Files\Java\jdk-11.0.15\bin\management.dll
0x00007ffb43690000 - 0x00007ffb4369b000 	C:\Program Files\Java\jdk-11.0.15\bin\management_ext.dll
0x00007ffb3dcb0000 - 0x00007ffb3dcc7000 	C:\Windows\system32\napinsp.dll
0x00007ffb3dc90000 - 0x00007ffb3dcab000 	C:\Windows\system32\pnrpnsp.dll
0x00007ffb3dc70000 - 0x00007ffb3dc85000 	C:\Windows\system32\wshbth.dll
0x00007ffb56070000 - 0x00007ffb5608d000 	C:\Windows\system32\NLAapi.dll
0x00007ffb59a50000 - 0x00007ffb59a8b000 	C:\Windows\SYSTEM32\IPHLPAPI.DLL
0x00007ffb59a90000 - 0x00007ffb59b5a000 	C:\Windows\SYSTEM32\DNSAPI.dll
0x00007ffb5b020000 - 0x00007ffb5b028000 	C:\Windows\System32\NSI.dll
0x00007ffb3dc50000 - 0x00007ffb3dc62000 	C:\Windows\System32\winrnr.dll
0x00007ffb518e0000 - 0x00007ffb518ea000 	C:\Windows\System32\rasadhlp.dll
0x00007ffb52160000 - 0x00007ffb521e0000 	C:\Windows\System32\fwpuclnt.dll
0x00007ffb5aa80000 - 0x00007ffb5aaa7000 	C:\Windows\System32\bcrypt.dll

dbghelp: loaded successfully - version: 4.0.5 - missing functions: none
symbol engine: initialized successfully - sym options: 0x614 - pdb path: .;C:\Program Files\Java\jdk-11.0.15\bin;C:\Windows\SYSTEM32;C:\Windows\WinSxS\amd64_microsoft.windows.common-controls_6595b64144ccf1df_6.0.19041.1110_none_60b5254171f9507e;C:\Program Files\Java\jdk-11.0.15\bin\server;C:\Program Files\JetBrains\IntelliJ IDEA Community Edition 2022.2.1\bin

VM Arguments:
jvm_args: -javaagent:C:\Program Files\JetBrains\IntelliJ IDEA Community Edition 2022.2.1\lib\idea_rt.jar=60366:C:\Program Files\JetBrains\IntelliJ IDEA Community Edition 2022.2.1\bin -Dfile.encoding=UTF-8 
java_command: com.training.messaging.standaloneactivemqexample.StandaloneActivemqExampleApplication
java_class_path (initial): C:\Users\sfjbs\Downloads\spring_boot_activemq-main\spring_boot_activemq-main\standalone-spring-boot-activemq\target\classes;C:\Users\sfjbs\.m2\repository\org\springframework\boot\spring-boot-starter-activemq\2.6.2\spring-boot-starter-activemq-2.6.2.jar;C:\Users\sfjbs\.m2\repository\org\springframework\boot\spring-boot-starter\2.6.2\spring-boot-starter-2.6.2.jar;C:\Users\sfjbs\.m2\repository\org\springframework\boot\spring-boot\2.6.2\spring-boot-2.6.2.jar;C:\Users\sfjbs\.m2\repository\org\springframework\boot\spring-boot-autoconfigure\2.6.2\spring-boot-autoconfigure-2.6.2.jar;C:\Users\sfjbs\.m2\repository\org\springframework\boot\spring-boot-starter-logging\2.6.2\spring-boot-starter-logging-2.6.2.jar;C:\Users\sfjbs\.m2\repository\ch\qos\logback\logback-classic\1.2.9\logback-classic-1.2.9.jar;C:\Users\sfjbs\.m2\repository\ch\qos\logback\logback-core\1.2.9\logback-core-1.2.9.jar;C:\Users\sfjbs\.m2\repository\org\apache\logging\log4j\log4j-to-slf4j\2.17.0\log4j-to-slf4j-2.17.0.jar;C:\Users\sfjbs\.m2\repository\org\apache\logging\log4j\log4j-api\2.17.0\log4j-api-2.17.0.jar;C:\Users\sfjbs\.m2\repository\org\slf4j\jul-to-slf4j\1.7.32\jul-to-slf4j-1.7.32.jar;C:\Users\sfjbs\.m2\repository\jakarta\annotation\jakarta.annotation-api\1.3.5\jakarta.annotation-api-1.3.5.jar;C:\Users\sfjbs\.m2\repository\org\yaml\snakeyaml\1.29\snakeyaml-1.29.jar;C:\Users\sfjbs\.m2\repository\org\springframework\spring-jms\5.3.14\spring-jms-5.3.14.jar;C:\Users\sfjbs\.m2\repository\org\springframework\spring-beans\5.3.14\spring-beans-5.3.14.jar;C:\Users\sfjbs\.m2\repository\org\springframework\spring-messaging\5.3.14\spring-messaging-5.3.14.jar;C:\Users\sfjbs\.m2\repository\org\springframework\spring-tx\5.3.14\spring-tx-5.3.14.jar;C:\Users\sfjbs\.m2\repository\org\apache\activemq\activemq-broker\5.16.3\activemq-broker-5.16.3.jar;C:\Users\sfjbs\.m2\repository\org\apache\activemq\activemq-client\5.16.3\activemq-client-5.16.3.jar;C:\Users\sfjbs\.m2\repository\org\fusesource
Launcher Type: SUN_STANDARD

[Global flags]
     intx CICompilerCount                          = 2                                         {product} {ergonomic}
     uint ConcGCThreads                            = 1                                         {product} {ergonomic}
     uint G1ConcRefinementThreads                  = 2                                         {product} {ergonomic}
   size_t G1HeapRegionSize                         = 1048576                                   {product} {ergonomic}
    uintx GCDrainStackTargetSize                   = 64                                        {product} {ergonomic}
   size_t InitialHeapSize                          = 134217728                                 {product} {ergonomic}
   size_t MarkStackSize                            = 4194304                                   {product} {ergonomic}
   size_t MaxHeapSize                              = 2147483648                                {product} {ergonomic}
   size_t MaxNewSize                               = 1287651328                                {product} {ergonomic}
   size_t MinHeapDeltaBytes                        = 1048576                                   {product} {ergonomic}
    uintx NonNMethodCodeHeapSize                   = 5825164                                {pd product} {ergonomic}
    uintx NonProfiledCodeHeapSize                  = 122916538                              {pd product} {ergonomic}
    uintx ProfiledCodeHeapSize                     = 122916538                              {pd product} {ergonomic}
    uintx ReservedCodeCacheSize                    = 251658240                              {pd product} {ergonomic}
     bool SegmentedCodeCache                       = true                                      {product} {ergonomic}
     bool UseCompressedClassPointers               = true                                 {lp64_product} {ergonomic}
     bool UseCompressedOops                        = true                                 {lp64_product} {ergonomic}
     bool UseG1GC                                  = true                                      {product} {ergonomic}
     bool UseLargePagesIndividualAllocation        = false                                  {pd product} {ergonomic}

Logging:
Log output configuration:
 #0: stdout all=warning uptime,level,tags
 #1: stderr all=off uptime,level,tags

Environment Variables:
PATH=C:\Program Files\Common Files\Oracle\Java\javapath;C:\Windows\system32;C:\Windows;C:\Windows\System32\Wbem;C:\Windows\System32\WindowsPowerShell\v1.0\;C:\Windows\System32\OpenSSH\;C:\Program Files\PuTTY\;C:\Program Files\Git\cmd;C:\Program Files\Docker\Docker\resources\bin;C:\ProgramData\DockerDesktop\version-bin;C:\Users\sfjbs\Downloads\apache-maven-3.8.6-bin\apache-maven-3.8.6\bin;C:\Users\sfjbs\Downloads\apache-maven-3.8.6-bin\apache-maven-3.8.6\lib;C:\Users\sfjbs\AppData\Local\Microsoft\WindowsApps;C:\Program Files\JetBrains\IntelliJ IDEA Community Edition 2022.2.1\bin;;C:\Users\sfjbs\Downloads\apache-maven-3.8.6-bin\apache-maven-3.8.6\bin;C:\Users\sfjbs\Downloads\apache-maven-3.8.6-bin\apache-maven-3.8.6\lib;
USERNAME=sfjbs
OS=Windows_NT
PROCESSOR_IDENTIFIER=Intel64 Family 6 Model 85 Stepping 7, GenuineIntel



---------------  S Y S T E M  ---------------

OS: Windows 10 , 64 bit Build 19041 (10.0.19041.1889)
Hyper-V role detected

CPU:total 2 (initial active 2) (1 cores per cpu, 2 threads per core) family 6 model 85 stepping 7 microcode 0xffffffff, cmov, cx8, fxsr, mmx, sse, sse2, sse3, ssse3, sse4.1, sse4.2, popcnt, avx, avx2, aes, clmul, erms, rtm, 3dnowpref, lzcnt, ht, tsc, bmi1, bmi2, adx, evex, fma

Memory: 4k page, system-wide physical 8190M (1137M free)
TotalPageFile size 10238M (AvailPageFile size 2M)
current process WorkingSet (physical memory assigned to process): 123M, peak: 123M
current process commit charge ("private bytes"): 243M, peak: 243M

vm_info: Java HotSpot(TM) 64-Bit Server VM (11.0.15+8-LTS-149) for windows-amd64 JRE (11.0.15+8-LTS-149), built on Mar  9 2022 22:42:32 by "mach5one" with MS VC++ 15.9 (VS2017)

END.
