#
# There is insufficient memory for the Java Runtime Environment to continue.
# Native memory allocation (mmap) failed to map 27262976 bytes for Failed to commit area from 0x0000000088000000 to 0x0000000089a00000 of length 27262976.
# Possible reasons:
#   The system is out of physical RAM or swap space
#   The process is running with CompressedOops enabled, and the Java Heap may be blocking the growth of the native heap
# Possible solutions:
#   Reduce memory load on the system
#   Increase physical memory or swap space
#   Check if swap backing store is full
#   Decrease Java heap size (-Xmx/-Xms)
#   Decrease number of Java threads
#   Decrease Java thread stack sizes (-Xss)
#   Set larger code cache with -XX:ReservedCodeCacheSize=
#   JVM is running with Unscaled Compressed Oops mode in which the Java heap is
#     placed in the first 4GB address space. The Java Heap base address is the
#     maximum limit for the native heap growth. Please use -XX:HeapBaseMinAddress
#     to set the Java Heap base and to place the Java Heap above 4GB virtual address.
# This output file may be truncated or incomplete.
#
#  Out of Memory Error (./open/src/hotspot/os/windows/os_windows.cpp:3287), pid=12548, tid=11164
#
# JRE version: Java(TM) SE Runtime Environment 18.9 (11.0.15+8) (build 11.0.15+8-LTS-149)
# Java VM: Java HotSpot(TM) 64-Bit Server VM 18.9 (11.0.15+8-LTS-149, mixed mode, tiered, compressed oops, g1 gc, windows-amd64)
# No core dump will be written. Minidumps are not enabled by default on client versions of Windows
#

---------------  S U M M A R Y ------------

Command Line: -javaagent:C:\Program Files\JetBrains\IntelliJ IDEA Community Edition 2022.2.1\lib\idea_rt.jar=53088:C:\Program Files\JetBrains\IntelliJ IDEA Community Edition 2022.2.1\bin -Dfile.encoding=UTF-8 com.training.springboot.SpringbootDemoApplication

Host: Intel(R) Xeon(R) Platinum 8272CL CPU @ 2.60GHz, 2 cores, 7G,  Windows 10 , 64 bit Build 19041 (10.0.19041.1889)
Time: Mon Sep  5 06:52:01 2022 Coordinated Universal Time elapsed time: 3.812281 seconds (0d 0h 0m 3s)

---------------  T H R E A D  ---------------

Current thread (0x000001f5ff74b000):  VMThread "VM Thread" [stack: 0x0000009ee7900000,0x0000009ee7a00000] [id=11164]

Stack: [0x0000009ee7900000,0x0000009ee7a00000]
[error occurred during error reporting (printing stack bounds), id 0xc0000005, EXCEPTION_ACCESS_VIOLATION (0xc0000005) at pc=0x000001f5800010e7]

Native frames: (J=compiled Java code, j=interpreted, Vv=VM code, C=native code)
V  [jvm.dll+0x629d8a]
V  [jvm.dll+0x7638ff]
V  [jvm.dll+0x764fa9]
V  [jvm.dll+0x765595]
V  [jvm.dll+0x76554b]
V  [jvm.dll+0x629273]
V  [jvm.dll+0x629988]
C  [ntdll.dll+0xa229f]
C  [ntdll.dll+0x51454]
C  [ntdll.dll+0xa0dce]
C  0x000001f5800010e7

VM_Operation (0x0000009ee88fd170): CollectForMetadataAllocation, mode: safepoint, requested by thread 0x000001f58ff4f000


---------------  P R O C E S S  ---------------

Threads class SMR info:
_java_thread_list=0x000001f590085dc0, length=14, elements={
0x000001f5ef4a4000, 0x000001f5ff74d000, 0x000001f5ff74f000, 0x000001f5ff765000,
0x000001f5ff767800, 0x000001f5ff768800, 0x000001f5ff76e800, 0x000001f5ff779000,
0x000001f5ff77e000, 0x000001f5ff6ea800, 0x000001f58f5ba800, 0x000001f58f9dd800,
0x000001f59000a000, 0x000001f58ff4f000
}

Java Threads: ( => current thread )
  0x000001f5ef4a4000 JavaThread "main" [_thread_blocked, id=8728, stack(0x0000009ee7300000,0x0000009ee7400000)]
  0x000001f5ff74d000 JavaThread "Reference Handler" daemon [_thread_blocked, id=12812, stack(0x0000009ee7a00000,0x0000009ee7b00000)]
  0x000001f5ff74f000 JavaThread "Finalizer" daemon [_thread_blocked, id=7944, stack(0x0000009ee7b00000,0x0000009ee7c00000)]
  0x000001f5ff765000 JavaThread "Signal Dispatcher" daemon [_thread_blocked, id=12100, stack(0x0000009ee7c00000,0x0000009ee7d00000)]
  0x000001f5ff767800 JavaThread "Attach Listener" daemon [_thread_blocked, id=13248, stack(0x0000009ee7d00000,0x0000009ee7e00000)]
  0x000001f5ff768800 JavaThread "Service Thread" daemon [_thread_blocked, id=5108, stack(0x0000009ee7e00000,0x0000009ee7f00000)]
  0x000001f5ff76e800 JavaThread "C2 CompilerThread0" daemon [_thread_blocked, id=12796, stack(0x0000009ee7f00000,0x0000009ee8000000)]
  0x000001f5ff779000 JavaThread "C1 CompilerThread0" daemon [_thread_blocked, id=2932, stack(0x0000009ee8000000,0x0000009ee8100000)]
  0x000001f5ff77e000 JavaThread "Sweeper thread" daemon [_thread_blocked, id=6360, stack(0x0000009ee8100000,0x0000009ee8200000)]
  0x000001f5ff6ea800 JavaThread "Common-Cleaner" daemon [_thread_blocked, id=6408, stack(0x0000009ee8200000,0x0000009ee8300000)]
  0x000001f58f5ba800 JavaThread "Monitor Ctrl-Break" daemon [_thread_in_native, id=3440, stack(0x0000009ee8300000,0x0000009ee8400000)]
  0x000001f58f9dd800 JavaThread "Thread-0" [_thread_blocked, id=10696, stack(0x0000009ee8600000,0x0000009ee8700000)]
  0x000001f59000a000 JavaThread "restartedMain" [_thread_blocked, id=1448, stack(0x0000009ee8700000,0x0000009ee8800000)]
  0x000001f58ff4f000 JavaThread "background-preinit" [_thread_blocked, id=7928, stack(0x0000009ee8800000,0x0000009ee8900000)]

Other Threads:
=>0x000001f5ff74b000 VMThread "VM Thread" [stack: 0x0000009ee7900000,0x0000009ee7a00000] [id=11164]
  0x000001f58f5bb800 WatcherThread [stack: 0x0000009ee8400000,0x0000009ee8500000] [id=5500]
  0x000001f5ef4b9800 GCTaskThread "GC Thread#0" [stack: 0x0000009ee7400000,0x0000009ee7500000] [id=11592]
  0x000001f58f4fe000 GCTaskThread "GC Thread#1" [stack: 0x0000009ee8500000,0x0000009ee8600000] [id=8516]
  0x000001f5ef4ea000 ConcurrentGCThread "G1 Main Marker" [stack: 0x0000009ee7500000,0x0000009ee7600000] [id=12772]
  0x000001f5ef4ec800 ConcurrentGCThread "G1 Conc#0" [stack: 0x0000009ee7600000,0x0000009ee7700000] [id=11824]
  0x000001f5ef577000 ConcurrentGCThread "G1 Refine#0" [stack: 0x0000009ee7700000,0x0000009ee7800000] [id=11964]
  0x000001f5ef578000 ConcurrentGCThread "G1 Young RemSet Sampling" [stack: 0x0000009ee7800000,0x0000009ee7900000] [id=5092]

Threads with active compile tasks:

VM state:at safepoint (normal execution)

VM Mutex/Monitor currently owned by a thread:  ([mutex/lock_event])
[0x000001f5ef49f530] Threads_lock - owner thread: 0x000001f5ff74b000
[0x000001f5ef49f890] Heap_lock - owner thread: 0x000001f58ff4f000

Heap address: 0x0000000080000000, size: 2048 MB, Compressed Oops mode: 32-bit
Narrow klass base: 0x0000000000000000, Narrow klass shift: 3
Compressed class space size: 1073741824 Address: 0x0000000100000000

Heap:
 garbage-first heap   total 157696K, used 9375K [0x0000000080000000, 0x0000000100000000)
  region size 1024K, 3 young (3072K), 3 survivors (3072K)
 Metaspace       used 20765K, capacity 21187K, committed 21248K, reserved 1069056K
  class space    used 2321K, capacity 2523K, committed 2560K, reserved 1048576K
Heap Regions: E=young(eden), S=young(survivor), O=old, HS=humongous(starts), HC=humongous(continues), CS=collection set, F=free, A=archive, TAMS=top-at-mark-start (previous, next)
|   0|0x0000000080000000, 0x0000000080100000, 0x0000000080100000|100%|HS|  |TAMS 0x0000000080000000, 0x0000000080100000| Complete 
|   1|0x0000000080100000, 0x0000000080200000, 0x0000000080200000|100%| O|  |TAMS 0x0000000080100000, 0x0000000080200000| Untracked 
|   2|0x0000000080200000, 0x0000000080300000, 0x0000000080300000|100%| O|  |TAMS 0x0000000080200000, 0x0000000080300000| Untracked 
|   3|0x0000000080300000, 0x0000000080400000, 0x0000000080400000|100%| O|  |TAMS 0x0000000080300000, 0x0000000080400000| Untracked 
|   4|0x0000000080400000, 0x0000000080500000, 0x0000000080500000|100%| O|  |TAMS 0x0000000080400000, 0x0000000080500000| Untracked 
|   5|0x0000000080500000, 0x0000000080600000, 0x0000000080600000|100%| O|  |TAMS 0x0000000080500000, 0x0000000080600000| Untracked 
|   6|0x0000000080600000, 0x0000000080645000, 0x0000000080700000| 26%| O|  |TAMS 0x0000000080600000, 0x0000000080645000| Untracked 
|   7|0x0000000080700000, 0x0000000080700000, 0x0000000080800000|  0%| F|  |TAMS 0x0000000080700000, 0x0000000080700000| Untracked 
|   8|0x0000000080800000, 0x0000000080800000, 0x0000000080900000|  0%| F|  |TAMS 0x0000000080800000, 0x0000000080800000| Untracked 
|   9|0x0000000080900000, 0x0000000080900000, 0x0000000080a00000|  0%| F|  |TAMS 0x0000000080900000, 0x0000000080900000| Untracked 
|  10|0x0000000080a00000, 0x0000000080a00000, 0x0000000080b00000|  0%| F|  |TAMS 0x0000000080a00000, 0x0000000080a00000| Untracked 
|  11|0x0000000080b00000, 0x0000000080b00000, 0x0000000080c00000|  0%| F|  |TAMS 0x0000000080b00000, 0x0000000080b00000| Untracked 
|  12|0x0000000080c00000, 0x0000000080c00000, 0x0000000080d00000|  0%| F|  |TAMS 0x0000000080c00000, 0x0000000080c00000| Untracked 
|  13|0x0000000080d00000, 0x0000000080d00000, 0x0000000080e00000|  0%| F|  |TAMS 0x0000000080d00000, 0x0000000080d00000| Untracked 
|  14|0x0000000080e00000, 0x0000000080e00000, 0x0000000080f00000|  0%| F|  |TAMS 0x0000000080e00000, 0x0000000080e00000| Untracked 
|  15|0x0000000080f00000, 0x0000000080f00000, 0x0000000081000000|  0%| F|  |TAMS 0x0000000080f00000, 0x0000000080f00000| Untracked 
|  16|0x0000000081000000, 0x0000000081000000, 0x0000000081100000|  0%| F|  |TAMS 0x0000000081000000, 0x0000000081000000| Untracked 
|  17|0x0000000081100000, 0x0000000081100000, 0x0000000081200000|  0%| F|  |TAMS 0x0000000081100000, 0x0000000081100000| Untracked 
|  18|0x0000000081200000, 0x0000000081200000, 0x0000000081300000|  0%| F|  |TAMS 0x0000000081200000, 0x0000000081200000| Untracked 
|  19|0x0000000081300000, 0x0000000081300000, 0x0000000081400000|  0%| F|  |TAMS 0x0000000081300000, 0x0000000081300000| Untracked 
|  20|0x0000000081400000, 0x0000000081400000, 0x0000000081500000|  0%| F|  |TAMS 0x0000000081400000, 0x0000000081400000| Untracked 
|  21|0x0000000081500000, 0x0000000081500000, 0x0000000081600000|  0%| F|  |TAMS 0x0000000081500000, 0x0000000081500000| Untracked 
|  22|0x0000000081600000, 0x0000000081600000, 0x0000000081700000|  0%| F|  |TAMS 0x0000000081600000, 0x0000000081600000| Untracked 
|  23|0x0000000081700000, 0x0000000081700000, 0x0000000081800000|  0%| F|  |TAMS 0x0000000081700000, 0x0000000081700000| Untracked 
|  24|0x0000000081800000, 0x0000000081800000, 0x0000000081900000|  0%| F|  |TAMS 0x0000000081800000, 0x0000000081800000| Untracked 
|  25|0x0000000081900000, 0x0000000081900000, 0x0000000081a00000|  0%| F|  |TAMS 0x0000000081900000, 0x0000000081900000| Untracked 
|  26|0x0000000081a00000, 0x0000000081a00000, 0x0000000081b00000|  0%| F|  |TAMS 0x0000000081a00000, 0x0000000081a00000| Untracked 
|  27|0x0000000081b00000, 0x0000000081b00000, 0x0000000081c00000|  0%| F|  |TAMS 0x0000000081b00000, 0x0000000081b00000| Untracked 
|  28|0x0000000081c00000, 0x0000000081c00000, 0x0000000081d00000|  0%| F|  |TAMS 0x0000000081c00000, 0x0000000081c00000| Untracked 
|  29|0x0000000081d00000, 0x0000000081d00000, 0x0000000081e00000|  0%| F|  |TAMS 0x0000000081d00000, 0x0000000081d00000| Untracked 
|  30|0x0000000081e00000, 0x0000000081e00000, 0x0000000081f00000|  0%| F|  |TAMS 0x0000000081e00000, 0x0000000081e00000| Untracked 
|  31|0x0000000081f00000, 0x0000000081f00000, 0x0000000082000000|  0%| F|  |TAMS 0x0000000081f00000, 0x0000000081f00000| Untracked 
|  32|0x0000000082000000, 0x0000000082000000, 0x0000000082100000|  0%| F|  |TAMS 0x0000000082000000, 0x0000000082000000| Untracked 
|  33|0x0000000082100000, 0x0000000082100000, 0x0000000082200000|  0%| F|  |TAMS 0x0000000082100000, 0x0000000082100000| Untracked 
|  34|0x0000000082200000, 0x0000000082200000, 0x0000000082300000|  0%| F|  |TAMS 0x0000000082200000, 0x0000000082200000| Untracked 
|  35|0x0000000082300000, 0x0000000082300000, 0x0000000082400000|  0%| F|  |TAMS 0x0000000082300000, 0x0000000082300000| Untracked 
|  36|0x0000000082400000, 0x0000000082400000, 0x0000000082500000|  0%| F|  |TAMS 0x0000000082400000, 0x0000000082400000| Untracked 
|  37|0x0000000082500000, 0x0000000082500000, 0x0000000082600000|  0%| F|  |TAMS 0x0000000082500000, 0x0000000082500000| Untracked 
|  38|0x0000000082600000, 0x0000000082600000, 0x0000000082700000|  0%| F|  |TAMS 0x0000000082600000, 0x0000000082600000| Untracked 
|  39|0x0000000082700000, 0x0000000082700000, 0x0000000082800000|  0%| F|  |TAMS 0x0000000082700000, 0x0000000082700000| Untracked 
|  40|0x0000000082800000, 0x0000000082800000, 0x0000000082900000|  0%| F|  |TAMS 0x0000000082800000, 0x0000000082800000| Untracked 
|  41|0x0000000082900000, 0x0000000082900000, 0x0000000082a00000|  0%| F|  |TAMS 0x0000000082900000, 0x0000000082900000| Untracked 
|  42|0x0000000082a00000, 0x0000000082a00000, 0x0000000082b00000|  0%| F|  |TAMS 0x0000000082a00000, 0x0000000082a00000| Untracked 
|  43|0x0000000082b00000, 0x0000000082b00000, 0x0000000082c00000|  0%| F|  |TAMS 0x0000000082b00000, 0x0000000082b00000| Untracked 
|  44|0x0000000082c00000, 0x0000000082c00000, 0x0000000082d00000|  0%| F|  |TAMS 0x0000000082c00000, 0x0000000082c00000| Untracked 
|  45|0x0000000082d00000, 0x0000000082d00000, 0x0000000082e00000|  0%| F|  |TAMS 0x0000000082d00000, 0x0000000082d00000| Untracked 
|  46|0x0000000082e00000, 0x0000000082e00000, 0x0000000082f00000|  0%| F|  |TAMS 0x0000000082e00000, 0x0000000082e00000| Untracked 
|  47|0x0000000082f00000, 0x0000000082f00000, 0x0000000083000000|  0%| F|  |TAMS 0x0000000082f00000, 0x0000000082f00000| Untracked 
|  48|0x0000000083000000, 0x0000000083000000, 0x0000000083100000|  0%| F|  |TAMS 0x0000000083000000, 0x0000000083000000| Untracked 
|  49|0x0000000083100000, 0x0000000083100000, 0x0000000083200000|  0%| F|  |TAMS 0x0000000083100000, 0x0000000083100000| Untracked 
|  50|0x0000000083200000, 0x0000000083200000, 0x0000000083300000|  0%| F|  |TAMS 0x0000000083200000, 0x0000000083200000| Untracked 
|  51|0x0000000083300000, 0x0000000083300000, 0x0000000083400000|  0%| F|  |TAMS 0x0000000083300000, 0x0000000083300000| Untracked 
|  52|0x0000000083400000, 0x0000000083400000, 0x0000000083500000|  0%| F|  |TAMS 0x0000000083400000, 0x0000000083400000| Untracked 
|  53|0x0000000083500000, 0x0000000083500000, 0x0000000083600000|  0%| F|  |TAMS 0x0000000083500000, 0x0000000083500000| Untracked 
|  54|0x0000000083600000, 0x0000000083600000, 0x0000000083700000|  0%| F|  |TAMS 0x0000000083600000, 0x0000000083600000| Untracked 
|  55|0x0000000083700000, 0x0000000083700000, 0x0000000083800000|  0%| F|  |TAMS 0x0000000083700000, 0x0000000083700000| Untracked 
|  56|0x0000000083800000, 0x0000000083800000, 0x0000000083900000|  0%| F|  |TAMS 0x0000000083800000, 0x0000000083800000| Untracked 
|  57|0x0000000083900000, 0x0000000083900000, 0x0000000083a00000|  0%| F|  |TAMS 0x0000000083900000, 0x0000000083900000| Untracked 
|  58|0x0000000083a00000, 0x0000000083a00000, 0x0000000083b00000|  0%| F|  |TAMS 0x0000000083a00000, 0x0000000083a00000| Untracked 
|  59|0x0000000083b00000, 0x0000000083b00000, 0x0000000083c00000|  0%| F|  |TAMS 0x0000000083b00000, 0x0000000083b00000| Untracked 
|  60|0x0000000083c00000, 0x0000000083c00000, 0x0000000083d00000|  0%| F|  |TAMS 0x0000000083c00000, 0x0000000083c00000| Untracked 
|  61|0x0000000083d00000, 0x0000000083d00000, 0x0000000083e00000|  0%| F|  |TAMS 0x0000000083d00000, 0x0000000083d00000| Untracked 
|  62|0x0000000083e00000, 0x0000000083e00000, 0x0000000083f00000|  0%| F|  |TAMS 0x0000000083e00000, 0x0000000083e00000| Untracked 
|  63|0x0000000083f00000, 0x0000000083f00000, 0x0000000084000000|  0%| F|  |TAMS 0x0000000083f00000, 0x0000000083f00000| Untracked 
|  64|0x0000000084000000, 0x0000000084000000, 0x0000000084100000|  0%| F|  |TAMS 0x0000000084000000, 0x0000000084000000| Untracked 
|  65|0x0000000084100000, 0x0000000084100000, 0x0000000084200000|  0%| F|  |TAMS 0x0000000084100000, 0x0000000084100000| Untracked 
|  66|0x0000000084200000, 0x0000000084200000, 0x0000000084300000|  0%| F|  |TAMS 0x0000000084200000, 0x0000000084200000| Untracked 
|  67|0x0000000084300000, 0x0000000084300000, 0x0000000084400000|  0%| F|  |TAMS 0x0000000084300000, 0x0000000084300000| Untracked 
|  68|0x0000000084400000, 0x0000000084400000, 0x0000000084500000|  0%| F|  |TAMS 0x0000000084400000, 0x0000000084400000| Untracked 
|  69|0x0000000084500000, 0x0000000084500000, 0x0000000084600000|  0%| F|  |TAMS 0x0000000084500000, 0x0000000084500000| Untracked 
|  70|0x0000000084600000, 0x0000000084600000, 0x0000000084700000|  0%| F|  |TAMS 0x0000000084600000, 0x0000000084600000| Untracked 
|  71|0x0000000084700000, 0x0000000084700000, 0x0000000084800000|  0%| F|  |TAMS 0x0000000084700000, 0x0000000084700000| Untracked 
|  72|0x0000000084800000, 0x0000000084800000, 0x0000000084900000|  0%| F|  |TAMS 0x0000000084800000, 0x0000000084800000| Untracked 
|  73|0x0000000084900000, 0x0000000084900000, 0x0000000084a00000|  0%| F|  |TAMS 0x0000000084900000, 0x0000000084900000| Untracked 
|  74|0x0000000084a00000, 0x0000000084a00000, 0x0000000084b00000|  0%| F|  |TAMS 0x0000000084a00000, 0x0000000084a00000| Untracked 
|  75|0x0000000084b00000, 0x0000000084b00000, 0x0000000084c00000|  0%| F|  |TAMS 0x0000000084b00000, 0x0000000084b00000| Untracked 
|  76|0x0000000084c00000, 0x0000000084c00000, 0x0000000084d00000|  0%| F|  |TAMS 0x0000000084c00000, 0x0000000084c00000| Untracked 
|  77|0x0000000084d00000, 0x0000000084d00000, 0x0000000084e00000|  0%| F|  |TAMS 0x0000000084d00000, 0x0000000084d00000| Untracked 
|  78|0x0000000084e00000, 0x0000000084e00000, 0x0000000084f00000|  0%| F|  |TAMS 0x0000000084e00000, 0x0000000084e00000| Untracked 
|  79|0x0000000084f00000, 0x0000000084f00000, 0x0000000085000000|  0%| F|  |TAMS 0x0000000084f00000, 0x0000000084f00000| Untracked 
|  80|0x0000000085000000, 0x0000000085000000, 0x0000000085100000|  0%| F|  |TAMS 0x0000000085000000, 0x0000000085000000| Untracked 
|  81|0x0000000085100000, 0x0000000085100000, 0x0000000085200000|  0%| F|  |TAMS 0x0000000085100000, 0x0000000085100000| Untracked 
|  82|0x0000000085200000, 0x0000000085200000, 0x0000000085300000|  0%| F|  |TAMS 0x0000000085200000, 0x0000000085200000| Untracked 
|  83|0x0000000085300000, 0x0000000085300000, 0x0000000085400000|  0%| F|  |TAMS 0x0000000085300000, 0x0000000085300000| Untracked 
|  84|0x0000000085400000, 0x0000000085400000, 0x0000000085500000|  0%| F|  |TAMS 0x0000000085400000, 0x0000000085400000| Untracked 
|  85|0x0000000085500000, 0x0000000085500000, 0x0000000085600000|  0%| F|  |TAMS 0x0000000085500000, 0x0000000085500000| Untracked 
|  86|0x0000000085600000, 0x0000000085600000, 0x0000000085700000|  0%| F|  |TAMS 0x0000000085600000, 0x0000000085600000| Untracked 
|  87|0x0000000085700000, 0x0000000085700000, 0x0000000085800000|  0%| F|  |TAMS 0x0000000085700000, 0x0000000085700000| Untracked 
|  88|0x0000000085800000, 0x0000000085800000, 0x0000000085900000|  0%| F|  |TAMS 0x0000000085800000, 0x0000000085800000| Untracked 
|  89|0x0000000085900000, 0x0000000085900000, 0x0000000085a00000|  0%| F|  |TAMS 0x0000000085900000, 0x0000000085900000| Untracked 
|  90|0x0000000085a00000, 0x0000000085a00000, 0x0000000085b00000|  0%| F|  |TAMS 0x0000000085a00000, 0x0000000085a00000| Untracked 
|  91|0x0000000085b00000, 0x0000000085b00000, 0x0000000085c00000|  0%| F|  |TAMS 0x0000000085b00000, 0x0000000085b00000| Untracked 
|  92|0x0000000085c00000, 0x0000000085c00000, 0x0000000085d00000|  0%| F|  |TAMS 0x0000000085c00000, 0x0000000085c00000| Untracked 
|  93|0x0000000085d00000, 0x0000000085d00000, 0x0000000085e00000|  0%| F|  |TAMS 0x0000000085d00000, 0x0000000085d00000| Untracked 
|  94|0x0000000085e00000, 0x0000000085e00000, 0x0000000085f00000|  0%| F|  |TAMS 0x0000000085e00000, 0x0000000085e00000| Untracked 
|  95|0x0000000085f00000, 0x0000000085f00000, 0x0000000086000000|  0%| F|  |TAMS 0x0000000085f00000, 0x0000000085f00000| Untracked 
|  96|0x0000000086000000, 0x0000000086000000, 0x0000000086100000|  0%| F|  |TAMS 0x0000000086000000, 0x0000000086000000| Untracked 
|  97|0x0000000086100000, 0x0000000086100000, 0x0000000086200000|  0%| F|  |TAMS 0x0000000086100000, 0x0000000086100000| Untracked 
|  98|0x0000000086200000, 0x0000000086200000, 0x0000000086300000|  0%| F|  |TAMS 0x0000000086200000, 0x0000000086200000| Untracked 
|  99|0x0000000086300000, 0x0000000086300000, 0x0000000086400000|  0%| F|  |TAMS 0x0000000086300000, 0x0000000086300000| Untracked 
| 100|0x0000000086400000, 0x0000000086400000, 0x0000000086500000|  0%| F|  |TAMS 0x0000000086400000, 0x0000000086400000| Untracked 
| 101|0x0000000086500000, 0x0000000086500000, 0x0000000086600000|  0%| F|  |TAMS 0x0000000086500000, 0x0000000086500000| Untracked 
| 102|0x0000000086600000, 0x0000000086600000, 0x0000000086700000|  0%| F|  |TAMS 0x0000000086600000, 0x0000000086600000| Untracked 
| 103|0x0000000086700000, 0x0000000086700000, 0x0000000086800000|  0%| F|  |TAMS 0x0000000086700000, 0x0000000086700000| Untracked 
| 104|0x0000000086800000, 0x0000000086800000, 0x0000000086900000|  0%| F|  |TAMS 0x0000000086800000, 0x0000000086800000| Untracked 
| 105|0x0000000086900000, 0x0000000086900000, 0x0000000086a00000|  0%| F|  |TAMS 0x0000000086900000, 0x0000000086900000| Untracked 
| 106|0x0000000086a00000, 0x0000000086a00000, 0x0000000086b00000|  0%| F|  |TAMS 0x0000000086a00000, 0x0000000086a00000| Untracked 
| 107|0x0000000086b00000, 0x0000000086b00000, 0x0000000086c00000|  0%| F|  |TAMS 0x0000000086b00000, 0x0000000086b00000| Untracked 
| 108|0x0000000086c00000, 0x0000000086ce2fe0, 0x0000000086d00000| 88%| S|CS|TAMS 0x0000000086c00000, 0x0000000086c00000| Complete 
| 109|0x0000000086d00000, 0x0000000086e00000, 0x0000000086e00000|100%| S|CS|TAMS 0x0000000086d00000, 0x0000000086d00000| Complete 
| 110|0x0000000086e00000, 0x0000000086f00000, 0x0000000086f00000|100%| S|CS|TAMS 0x0000000086e00000, 0x0000000086e00000| Complete 
| 111|0x0000000086f00000, 0x0000000086f00000, 0x0000000087000000|  0%| F|  |TAMS 0x0000000086f00000, 0x0000000086f00000| Untracked 
| 112|0x0000000087000000, 0x0000000087000000, 0x0000000087100000|  0%| F|  |TAMS 0x0000000087000000, 0x0000000087000000| Untracked 
| 113|0x0000000087100000, 0x0000000087100000, 0x0000000087200000|  0%| F|  |TAMS 0x0000000087100000, 0x0000000087100000| Untracked 
| 114|0x0000000087200000, 0x0000000087200000, 0x0000000087300000|  0%| F|  |TAMS 0x0000000087200000, 0x0000000087200000| Untracked 
| 115|0x0000000087300000, 0x0000000087300000, 0x0000000087400000|  0%| F|  |TAMS 0x0000000087300000, 0x0000000087300000| Untracked 
| 116|0x0000000087400000, 0x0000000087400000, 0x0000000087500000|  0%| F|  |TAMS 0x0000000087400000, 0x0000000087400000| Untracked 
| 117|0x0000000087500000, 0x0000000087500000, 0x0000000087600000|  0%| F|  |TAMS 0x0000000087500000, 0x0000000087500000| Untracked 
| 118|0x0000000087600000, 0x0000000087600000, 0x0000000087700000|  0%| F|  |TAMS 0x0000000087600000, 0x0000000087600000| Untracked 
| 119|0x0000000087700000, 0x0000000087700000, 0x0000000087800000|  0%| F|  |TAMS 0x0000000087700000, 0x0000000087700000| Untracked 
| 120|0x0000000087800000, 0x0000000087800000, 0x0000000087900000|  0%| F|  |TAMS 0x0000000087800000, 0x0000000087800000| Untracked 
| 121|0x0000000087900000, 0x0000000087900000, 0x0000000087a00000|  0%| F|  |TAMS 0x0000000087900000, 0x0000000087900000| Untracked 
| 122|0x0000000087a00000, 0x0000000087a00000, 0x0000000087b00000|  0%| F|  |TAMS 0x0000000087a00000, 0x0000000087a00000| Untracked 
| 123|0x0000000087b00000, 0x0000000087b00000, 0x0000000087c00000|  0%| F|  |TAMS 0x0000000087b00000, 0x0000000087b00000| Untracked 
| 124|0x0000000087c00000, 0x0000000087c00000, 0x0000000087d00000|  0%| F|  |TAMS 0x0000000087c00000, 0x0000000087c00000| Untracked 
| 125|0x0000000087d00000, 0x0000000087d00000, 0x0000000087e00000|  0%| F|  |TAMS 0x0000000087d00000, 0x0000000087d00000| Untracked 
| 126|0x0000000087e00000, 0x0000000087e00000, 0x0000000087f00000|  0%| F|  |TAMS 0x0000000087e00000, 0x0000000087e00000| Untracked 
| 127|0x0000000087f00000, 0x0000000087f00000, 0x0000000088000000|  0%| F|  |TAMS 0x0000000087f00000, 0x0000000087f00000| Untracked 

Card table byte_map: [0x000001f5f8b80000,0x000001f5f8f80000] _byte_map_base: 0x000001f5f8780000

Marking Bits (Prev, Next): (CMBitMap*) 0x000001f5ef4e1548, (CMBitMap*) 0x000001f5ef4e1580
 Prev Bits: [0x000001f5f9380000, 0x000001f5fb380000)
 Next Bits: [0x000001f5fb380000, 0x000001f5fd380000)

Polling page: 0x000001f5ef580000

Metaspace:

Usage:
  Non-class:     18.23 MB capacity,    18.01 MB ( 99%) used,   166.55 KB ( <1%) free+waste,    53.31 KB ( <1%) overhead. 
      Class:      2.46 MB capacity,     2.27 MB ( 92%) used,   174.80 KB (  7%) free+waste,    26.56 KB (  1%) overhead. 
       Both:     20.69 MB capacity,    20.28 MB ( 98%) used,   341.35 KB (  2%) free+waste,    79.88 KB ( <1%) overhead. 

Virtual space:
  Non-class space:       20.00 MB reserved,      18.25 MB ( 91%) committed 
      Class space:        1.00 GB reserved,       2.50 MB ( <1%) committed 
             Both:        1.02 GB reserved,      20.75 MB (  2%) committed 

Chunk freelists:
   Non-Class:  3.00 KB
       Class:  640 bytes
        Both:  3.63 KB

CodeHeap 'non-profiled nmethods': size=120064Kb used=729Kb max_used=729Kb free=119334Kb
 bounds [0x000001f587ac0000, 0x000001f587d30000, 0x000001f58f000000]
CodeHeap 'profiled nmethods': size=120000Kb used=3718Kb max_used=3718Kb free=116281Kb
 bounds [0x000001f580590000, 0x000001f580940000, 0x000001f587ac0000]
CodeHeap 'non-nmethods': size=5696Kb used=1127Kb max_used=1145Kb free=4568Kb
 bounds [0x000001f580000000, 0x000001f580270000, 0x000001f580590000]
 total_blobs=2371 nmethods=1940 adapters=342
 compilation: enabled
              stopped_count=0, restarted_count=0
 full_count=0

Compilation events (10 events):
Event: 3.768 Thread 0x000001f5ff779000 nmethod 1937 0x000001f580930610 code [0x000001f580930800, 0x000001f580930de8]
Event: 3.789 Thread 0x000001f5ff76e800 nmethod 1924% 0x000001f587b73690 code [0x000001f587b73860, 0x000001f587b74c68]
Event: 3.789 Thread 0x000001f5ff76e800 1938       4       java.nio.ByteBuffer::position (8 bytes)
Event: 3.790 Thread 0x000001f5ff76e800 nmethod 1938 0x000001f587b75490 code [0x000001f587b75600, 0x000001f587b756b8]
Event: 3.790 Thread 0x000001f5ff76e800 1928       4       java.util.LinkedHashMap::newNode (23 bytes)
Event: 3.791 Thread 0x000001f5ff779000 1939  s    3       java.lang.Throwable::fillInStackTrace (29 bytes)
Event: 3.791 Thread 0x000001f5ff779000 nmethod 1939 0x000001f580930f10 code [0x000001f5809310c0, 0x000001f580931468]
Event: 3.798 Thread 0x000001f5ff76e800 nmethod 1928 0x000001f587b75c90 code [0x000001f587b75e20, 0x000001f587b76438]
Event: 3.799 Thread 0x000001f5ff779000 1941       3       java.util.Arrays$ArrayList::iterator (12 bytes)
Event: 3.799 Thread 0x000001f5ff779000 nmethod 1941 0x000001f580931510 code [0x000001f5809316c0, 0x000001f580931938]

GC Heap History (10 events):
Event: 0.768 GC heap after
{Heap after GC invocations=1 (full 0):
 garbage-first heap   total 131072K, used 5422K [0x0000000080000000, 0x0000000100000000)
  region size 1024K, 1 young (1024K), 1 survivors (1024K)
 Metaspace       used 6558K, capacity 6643K, committed 6784K, reserved 1056768K
  class space    used 570K, capacity 638K, committed 640K, reserved 1048576K
}
Event: 1.594 GC heap before
{Heap before GC invocations=1 (full 0):
 garbage-first heap   total 131072K, used 10542K [0x0000000080000000, 0x0000000100000000)
  region size 1024K, 6 young (6144K), 1 survivors (1024K)
 Metaspace       used 9005K, capacity 9109K, committed 9344K, reserved 1058816K
  class space    used 801K, capacity 840K, committed 896K, reserved 1048576K
}
Event: 1.600 GC heap after
{Heap after GC invocations=2 (full 0):
 garbage-first heap   total 131072K, used 6468K [0x0000000080000000, 0x0000000100000000)
  region size 1024K, 1 young (1024K), 1 survivors (1024K)
 Metaspace       used 9005K, capacity 9109K, committed 9344K, reserved 1058816K
  class space    used 801K, capacity 840K, committed 896K, reserved 1048576K
}
Event: 1.968 GC heap before
{Heap before GC invocations=2 (full 0):
 garbage-first heap   total 131072K, used 17732K [0x0000000080000000, 0x0000000100000000)
  region size 1024K, 13 young (13312K), 1 survivors (1024K)
 Metaspace       used 11097K, capacity 11258K, committed 11392K, reserved 1058816K
  class space    used 1052K, capacity 1134K, committed 1152K, reserved 1048576K
}
Event: 1.973 GC heap after
{Heap after GC invocations=3 (full 0):
 garbage-first heap   total 131072K, used 7083K [0x0000000080000000, 0x0000000100000000)
  region size 1024K, 2 young (2048K), 2 survivors (2048K)
 Metaspace       used 11097K, capacity 11258K, committed 11392K, reserved 1058816K
  class space    used 1052K, capacity 1134K, committed 1152K, reserved 1048576K
}
Event: 2.567 GC heap before
{Heap before GC invocations=3 (full 0):
 garbage-first heap   total 131072K, used 24491K [0x0000000080000000, 0x0000000100000000)
  region size 1024K, 19 young (19456K), 2 survivors (2048K)
 Metaspace       used 14834K, capacity 15142K, committed 15232K, reserved 1062912K
  class space    used 1496K, capacity 1631K, committed 1664K, reserved 1048576K
}
Event: 2.574 GC heap after
{Heap after GC invocations=4 (full 0):
 garbage-first heap   total 131072K, used 7884K [0x0000000080000000, 0x0000000100000000)
  region size 1024K, 3 young (3072K), 3 survivors (3072K)
 Metaspace       used 14834K, capacity 15142K, committed 15232K, reserved 1062912K
  class space    used 1496K, capacity 1631K, committed 1664K, reserved 1048576K
}
Event: 3.419 GC heap before
{Heap before GC invocations=4 (full 0):
 garbage-first heap   total 131072K, used 33484K [0x0000000080000000, 0x0000000100000000)
  region size 1024K, 29 young (29696K), 3 survivors (3072K)
 Metaspace       used 18857K, capacity 19267K, committed 19456K, reserved 1067008K
  class space    used 2044K, capacity 2226K, committed 2304K, reserved 1048576K
}
Event: 3.429 GC heap after
{Heap after GC invocations=5 (full 0):
 garbage-first heap   total 131072K, used 9066K [0x0000000080000000, 0x0000000100000000)
  region size 1024K, 3 young (3072K), 3 survivors (3072K)
 Metaspace       used 18857K, capacity 19267K, committed 19456K, reserved 1067008K
  class space    used 2044K, capacity 2226K, committed 2304K, reserved 1048576K
}
Event: 3.800 GC heap before
{Heap before GC invocations=5 (full 0):
 garbage-first heap   total 131072K, used 25450K [0x0000000080000000, 0x0000000100000000)
  region size 1024K, 20 young (20480K), 3 survivors (3072K)
 Metaspace       used 20765K, capacity 21187K, committed 21248K, reserved 1069056K
  class space    used 2321K, capacity 2523K, committed 2560K, reserved 1048576K
}

Deoptimization events (10 events):
Event: 2.497 Thread 0x000001f59000a000 Uncommon trap: reason=unstable_if action=reinterpret pc=0x000001f587ac942c method=java.util.HashMap.hash(Ljava/lang/Object;)I @ 1 c2
Event: 2.755 Thread 0x000001f59000a000 Uncommon trap: reason=unstable_if action=reinterpret pc=0x000001f587aee9c0 method=java.lang.StringLatin1.lastIndexOf([BI[BII)I @ 32 c2
Event: 2.760 Thread 0x000001f59000a000 Uncommon trap: reason=bimorphic_or_optimized_type_check action=maybe_recompile pc=0x000001f587b289b8 method=java.util.HashMap.putVal(ILjava/lang/Object;Ljava/lang/Object;ZZ)Ljava/lang/Object; @ 91 c2
Event: 2.761 Thread 0x000001f59000a000 Uncommon trap: reason=bimorphic_or_optimized_type_check action=maybe_recompile pc=0x000001f587b289b8 method=java.util.HashMap.putVal(ILjava/lang/Object;Ljava/lang/Object;ZZ)Ljava/lang/Object; @ 91 c2
Event: 2.761 Thread 0x000001f59000a000 Uncommon trap: reason=bimorphic_or_optimized_type_check action=maybe_recompile pc=0x000001f587b289b8 method=java.util.HashMap.putVal(ILjava/lang/Object;Ljava/lang/Object;ZZ)Ljava/lang/Object; @ 91 c2
Event: 2.981 Thread 0x000001f59000a000 Uncommon trap: reason=bimorphic_or_optimized_type_check action=maybe_recompile pc=0x000001f587b289b8 method=java.util.HashMap.putVal(ILjava/lang/Object;Ljava/lang/Object;ZZ)Ljava/lang/Object; @ 91 c2
Event: 3.323 Thread 0x000001f58ff4f000 Uncommon trap: reason=unstable_if action=reinterpret pc=0x000001f587b2c784 method=sun.net.www.ParseUtil.firstEncodeIndex(Ljava/lang/String;)I @ 51 c2
Event: 3.436 Thread 0x000001f58ff4f000 Uncommon trap: reason=unstable_if action=reinterpret pc=0x000001f587afc804 method=java.util.jar.JarFile.getVersionedEntry(Ljava/lang/String;Ljava/util/jar/JarEntry;)Ljava/util/jar/JarEntry; @ 7 c2
Event: 3.527 Thread 0x000001f59000a000 Uncommon trap: reason=unstable_if action=reinterpret pc=0x000001f587b53764 method=java.util.HashMap.getNode(ILjava/lang/Object;)Ljava/util/HashMap$Node; @ 129 c2
Event: 3.527 Thread 0x000001f59000a000 Uncommon trap: reason=unstable_if action=reinterpret pc=0x000001f587b3fc80 method=java.util.HashMap.getNode(ILjava/lang/Object;)Ljava/util/HashMap$Node; @ 129 c2

Classes redefined (0 events):
No events

Internal exceptions (10 events):
Event: 2.872 Thread 0x000001f59000a000 Exception <a 'java/lang/NoSuchMethodError'{0x0000000087690f20}: java.lang.invoke.DirectMethodHandle$Holder.invokeStatic(Ljava/lang/Object;Ljava/lang/Object;Ljava/lang/Object;ILjava/lang/Object;)Ljava/lang/Object;> (0x0000000087690f20) thrown at [./open/sr
Event: 2.873 Thread 0x000001f59000a000 Exception <a 'java/lang/NoSuchMethodError'{0x0000000087697920}: java.lang.invoke.Invokers$Holder.linkToTargetMethod(Ljava/lang/Object;Ljava/lang/Object;ILjava/lang/Object;Ljava/lang/Object;)Ljava/lang/Object;> (0x0000000087697920) thrown at [./open/src/ho
Event: 2.874 Thread 0x000001f59000a000 Exception <a 'java/lang/NoSuchMethodError'{0x00000000876a86f0}: java.lang.invoke.DirectMethodHandle$Holder.invokeStatic(Ljava/lang/Object;ILjava/lang/Object;Ljava/lang/Object;)I> (0x00000000876a86f0) thrown at [./open/src/hotspot/share/interpreter/linkRes
Event: 2.874 Thread 0x000001f59000a000 Exception <a 'java/lang/NoSuchMethodError'{0x00000000876af7f8}: java.lang.invoke.DirectMethodHandle$Holder.invokeStatic(Ljava/lang/Object;ILjava/lang/Object;)Ljava/lang/Object;> (0x00000000876af7f8) thrown at [./open/src/hotspot/share/interpreter/linkReso
Event: 2.875 Thread 0x000001f59000a000 Exception <a 'java/lang/NoSuchMethodError'{0x00000000876b3ba0}: java.lang.invoke.DirectMethodHandle$Holder.invokeSpecialIFC(Ljava/lang/Object;Ljava/lang/Object;Ljava/lang/Object;Ljava/lang/Object;)I> (0x00000000876b3ba0) thrown at [./open/src/hotspot/shar
Event: 2.949 Thread 0x000001f59000a000 Exception <a 'java/lang/NoSuchMethodError'{0x000000008745c010}: java.lang.invoke.DirectMethodHandle$Holder.invokeSpecialIFC(Ljava/lang/Object;Ljava/lang/Object;I)I> (0x000000008745c010) thrown at [./open/src/hotspot/share/interpreter/linkResolver.cpp, lin
Event: 3.038 Thread 0x000001f59000a000 Exception <a 'java/lang/NoSuchMethodError'{0x00000000873d75a8}: java.lang.invoke.DirectMethodHandle$Holder.invokeStaticInit(Ljava/lang/Object;Ljava/lang/Object;)V> (0x00000000873d75a8) thrown at [./open/src/hotspot/share/interpreter/linkResolver.cpp, line
Event: 3.041 Thread 0x000001f59000a000 Exception <a 'java/lang/NoSuchMethodError'{0x00000000873eecd8}: java.lang.invoke.DirectMethodHandle$Holder.invokeStaticInit(Ljava/lang/Object;Ljava/lang/Object;Ljava/lang/Object;)V> (0x00000000873eecd8) thrown at [./open/src/hotspot/share/interpreter/link
Event: 3.107 Thread 0x000001f59000a000 Exception <a 'java/lang/NoSuchMethodError'{0x00000000872e7058}: java.lang.invoke.DirectMethodHandle$Holder.invokeVirtual(Ljava/lang/Object;Ljava/lang/Object;Ljava/lang/Object;Ljava/lang/Object;)V> (0x00000000872e7058) thrown at [./open/src/hotspot/share/i
Event: 3.174 Thread 0x000001f59000a000 Exception <a 'java/lang/NoSuchMethodError'{0x0000000086f58b50}: java.lang.invoke.DirectMethodHandle$Holder.invokeSpecial(Ljava/lang/Object;Ljava/lang/Object;Ljava/lang/Object;Ljava/lang/Object;Ljava/lang/Object;)V> (0x0000000086f58b50) thrown at [./open/s

Events (10 events):
Event: 3.797 loading class org/hibernate/validator/internal/metadata/core/BuiltinConstraint done
Event: 3.799 loading class org/springframework/beans/BeanWrapperImpl$BeanPropertyHandler
Event: 3.799 loading class org/springframework/beans/BeanWrapperImpl$BeanPropertyHandler done
Event: 3.799 loading class org/hibernate/validator/internal/metadata/core/ConstraintHelper$ValidatorDescriptorMap
Event: 3.799 loading class org/hibernate/validator/internal/metadata/core/ConstraintHelper$ValidatorDescriptorMap done
Event: 3.800 loading class javax/validation/constraints/AssertFalse
Event: 3.800 loading class javax/validation/constraints/AssertFalse done
Event: 3.800 loading class org/springframework/beans/factory/support/BeanDefinitionValueResolver
Event: 3.800 loading class org/springframework/beans/factory/support/BeanDefinitionValueResolver done
Event: 3.800 Executing VM operation: CollectForMetadataAllocation


Dynamic libraries:
0x00007ff62d130000 - 0x00007ff62d13f000 	C:\Program Files\Java\jdk-11.0.15\bin\java.exe
0x00007ffb5cf90000 - 0x00007ffb5d188000 	C:\Windows\SYSTEM32\ntdll.dll
0x00007ffb5b030000 - 0x00007ffb5b0ed000 	C:\Windows\System32\KERNEL32.DLL
0x00007ffb5acd0000 - 0x00007ffb5af9e000 	C:\Windows\System32\KERNELBASE.dll
0x00007ffb5a980000 - 0x00007ffb5aa80000 	C:\Windows\System32\ucrtbase.dll
0x00007ffb45ee0000 - 0x00007ffb45ef8000 	C:\Program Files\Java\jdk-11.0.15\bin\jli.dll
0x00007ffb5cdb0000 - 0x00007ffb5ce5e000 	C:\Windows\System32\ADVAPI32.dll
0x00007ffb5b520000 - 0x00007ffb5b5be000 	C:\Windows\System32\msvcrt.dll
0x00007ffb5b3d0000 - 0x00007ffb5b46c000 	C:\Windows\System32\sechost.dll
0x00007ffb5b2a0000 - 0x00007ffb5b3c5000 	C:\Windows\System32\RPCRT4.dll
0x00007ffb5b6d0000 - 0x00007ffb5b870000 	C:\Windows\System32\USER32.dll
0x00007ffb5aca0000 - 0x00007ffb5acc2000 	C:\Windows\System32\win32u.dll
0x00007ffb5cd80000 - 0x00007ffb5cdaa000 	C:\Windows\System32\GDI32.dll
0x00007ffb45ec0000 - 0x00007ffb45ed5000 	C:\Program Files\Java\jdk-11.0.15\bin\VCRUNTIME140.dll
0x00007ffb45c20000 - 0x00007ffb45eba000 	C:\Windows\WinSxS\amd64_microsoft.windows.common-controls_6595b64144ccf1df_6.0.19041.1110_none_60b5254171f9507e\COMCTL32.dll
0x00007ffb5a870000 - 0x00007ffb5a97b000 	C:\Windows\System32\gdi32full.dll
0x00007ffb5a7d0000 - 0x00007ffb5a86d000 	C:\Windows\System32\msvcp_win.dll
0x00007ffb52b00000 - 0x00007ffb52b0a000 	C:\Windows\SYSTEM32\VERSION.dll
0x00007ffb5aff0000 - 0x00007ffb5b020000 	C:\Windows\System32\IMM32.DLL
0x00007ffb45b80000 - 0x00007ffb45c1b000 	C:\Program Files\Java\jdk-11.0.15\bin\msvcp140.dll
0x00007ffb45060000 - 0x00007ffb45b76000 	C:\Program Files\Java\jdk-11.0.15\bin\server\jvm.dll
0x00007ffb5b870000 - 0x00007ffb5b878000 	C:\Windows\System32\PSAPI.DLL
0x00007ffb45050000 - 0x00007ffb45059000 	C:\Windows\SYSTEM32\WSOCK32.dll
0x00007ffb5c2c0000 - 0x00007ffb5c32b000 	C:\Windows\System32\WS2_32.dll
0x00007ffb45020000 - 0x00007ffb45047000 	C:\Windows\SYSTEM32\WINMM.dll
0x00007ffb58590000 - 0x00007ffb585a2000 	C:\Windows\SYSTEM32\kernel.appcore.dll
0x00007ffb476a0000 - 0x00007ffb476b0000 	C:\Program Files\Java\jdk-11.0.15\bin\verify.dll
0x00007ffb4b420000 - 0x00007ffb4b604000 	C:\Windows\SYSTEM32\DBGHELP.DLL
0x00007ffb4b3f0000 - 0x00007ffb4b41c000 	C:\Windows\SYSTEM32\dbgcore.DLL
0x00007ffb5aab0000 - 0x00007ffb5ab32000 	C:\Windows\System32\bcryptPrimitives.dll
0x00007ffb44d40000 - 0x00007ffb44d68000 	C:\Program Files\Java\jdk-11.0.15\bin\java.dll
0x00007ffb47690000 - 0x00007ffb4769a000 	C:\Program Files\Java\jdk-11.0.15\bin\jimage.dll
0x00007ffb47d10000 - 0x00007ffb47d1e000 	C:\Program Files\Java\jdk-11.0.15\bin\instrument.dll
0x00007ffb44d20000 - 0x00007ffb44d36000 	C:\Program Files\Java\jdk-11.0.15\bin\zip.dll
0x00007ffb5c620000 - 0x00007ffb5cd64000 	C:\Windows\System32\SHELL32.dll
0x00007ffb58790000 - 0x00007ffb58f24000 	C:\Windows\SYSTEM32\windows.storage.dll
0x00007ffb5bf60000 - 0x00007ffb5c2b4000 	C:\Windows\System32\combase.dll
0x00007ffb59f60000 - 0x00007ffb59f90000 	C:\Windows\SYSTEM32\Wldp.dll
0x00007ffb5b5c0000 - 0x00007ffb5b66d000 	C:\Windows\System32\SHCORE.dll
0x00007ffb5c5c0000 - 0x00007ffb5c615000 	C:\Windows\System32\shlwapi.dll
0x00007ffb5a5f0000 - 0x00007ffb5a60f000 	C:\Windows\SYSTEM32\profapi.dll
0x00007ffb44ab0000 - 0x00007ffb44ac9000 	C:\Program Files\Java\jdk-11.0.15\bin\net.dll
0x00007ffb52240000 - 0x00007ffb5234a000 	C:\Windows\SYSTEM32\WINHTTP.dll
0x00007ffb59d40000 - 0x00007ffb59daa000 	C:\Windows\system32\mswsock.dll
0x00007ffb44ad0000 - 0x00007ffb44ae2000 	C:\Program Files\Java\jdk-11.0.15\bin\nio.dll
0x00007ffb42030000 - 0x00007ffb4204a000 	C:\Program Files\JetBrains\IntelliJ IDEA Community Edition 2022.2.1\bin\breakgen64.dll
0x00007ffb436a0000 - 0x00007ffb436a9000 	C:\Program Files\Java\jdk-11.0.15\bin\management.dll
0x00007ffb43690000 - 0x00007ffb4369b000 	C:\Program Files\Java\jdk-11.0.15\bin\management_ext.dll
0x00007ffb3dcb0000 - 0x00007ffb3dcc7000 	C:\Windows\system32\napinsp.dll
0x00007ffb3dc90000 - 0x00007ffb3dcab000 	C:\Windows\system32\pnrpnsp.dll
0x00007ffb3dc70000 - 0x00007ffb3dc85000 	C:\Windows\system32\wshbth.dll
0x00007ffb56070000 - 0x00007ffb5608d000 	C:\Windows\system32\NLAapi.dll
0x00007ffb59a50000 - 0x00007ffb59a8b000 	C:\Windows\SYSTEM32\IPHLPAPI.DLL
0x00007ffb59a90000 - 0x00007ffb59b5a000 	C:\Windows\SYSTEM32\DNSAPI.dll
0x00007ffb5b020000 - 0x00007ffb5b028000 	C:\Windows\System32\NSI.dll
0x00007ffb3dc50000 - 0x00007ffb3dc62000 	C:\Windows\System32\winrnr.dll
0x00007ffb518e0000 - 0x00007ffb518ea000 	C:\Windows\System32\rasadhlp.dll
0x00007ffb52160000 - 0x00007ffb521e0000 	C:\Windows\System32\fwpuclnt.dll
0x00007ffb5aa80000 - 0x00007ffb5aaa7000 	C:\Windows\System32\bcrypt.dll

dbghelp: loaded successfully - version: 4.0.5 - missing functions: none
symbol engine: initialized successfully - sym options: 0x614 - pdb path: .;C:\Program Files\Java\jdk-11.0.15\bin;C:\Windows\SYSTEM32;C:\Windows\WinSxS\amd64_microsoft.windows.common-controls_6595b64144ccf1df_6.0.19041.1110_none_60b5254171f9507e;C:\Program Files\Java\jdk-11.0.15\bin\server;C:\Program Files\JetBrains\IntelliJ IDEA Community Edition 2022.2.1\bin

VM Arguments:
jvm_args: -javaagent:C:\Program Files\JetBrains\IntelliJ IDEA Community Edition 2022.2.1\lib\idea_rt.jar=53088:C:\Program Files\JetBrains\IntelliJ IDEA Community Edition 2022.2.1\bin -Dfile.encoding=UTF-8 
java_command: com.training.springboot.SpringbootDemoApplication
java_class_path (initial): C:\Users\sfjbs\Downloads\springboot-demo\springboot-demo\target\classes;C:\Users\sfjbs\.m2\repository\org\springframework\boot\spring-boot-starter-data-jpa\2.6.2\spring-boot-starter-data-jpa-2.6.2.jar;C:\Users\sfjbs\.m2\repository\org\springframework\boot\spring-boot-starter-aop\2.6.2\spring-boot-starter-aop-2.6.2.jar;C:\Users\sfjbs\.m2\repository\org\springframework\spring-aop\5.3.14\spring-aop-5.3.14.jar;C:\Users\sfjbs\.m2\repository\org\aspectj\aspectjweaver\1.9.7\aspectjweaver-1.9.7.jar;C:\Users\sfjbs\.m2\repository\org\springframework\boot\spring-boot-starter-jdbc\2.6.2\spring-boot-starter-jdbc-2.6.2.jar;C:\Users\sfjbs\.m2\repository\com\zaxxer\HikariCP\4.0.3\HikariCP-4.0.3.jar;C:\Users\sfjbs\.m2\repository\org\springframework\spring-jdbc\5.3.14\spring-jdbc-5.3.14.jar;C:\Users\sfjbs\.m2\repository\jakarta\transaction\jakarta.transaction-api\1.3.3\jakarta.transaction-api-1.3.3.jar;C:\Users\sfjbs\.m2\repository\jakarta\persistence\jakarta.persistence-api\2.2.3\jakarta.persistence-api-2.2.3.jar;C:\Users\sfjbs\.m2\repository\org\hibernate\hibernate-core\5.6.3.Final\hibernate-core-5.6.3.Final.jar;C:\Users\sfjbs\.m2\repository\org\jboss\logging\jboss-logging\3.4.2.Final\jboss-logging-3.4.2.Final.jar;C:\Users\sfjbs\.m2\repository\net\bytebuddy\byte-buddy\1.11.22\byte-buddy-1.11.22.jar;C:\Users\sfjbs\.m2\repository\antlr\antlr\2.7.7\antlr-2.7.7.jar;C:\Users\sfjbs\.m2\repository\org\jboss\jandex\2.2.3.Final\jandex-2.2.3.Final.jar;C:\Users\sfjbs\.m2\repository\org\hibernate\common\hibernate-commons-annotations\5.1.2.Final\hibernate-commons-annotations-5.1.2.Final.jar;C:\Users\sfjbs\.m2\repository\org\glassfish\jaxb\jaxb-runtime\2.3.5\jaxb-runtime-2.3.5.jar;C:\Users\sfjbs\.m2\repository\org\glassfish\jaxb\txw2\2.3.5\txw2-2.3.5.jar;C:\Users\sfjbs\.m2\repository\com\sun\istack\istack-commons-runtime\3.0.12\istack-commons-runtime-3.0.12.jar;C:\Users\sfjbs\.m2\repository\com\sun\activation\jakarta.activation\1.2.2\jakarta.activation-1.2.2.jar;C:\U
Launcher Type: SUN_STANDARD

[Global flags]
     intx CICompilerCount                          = 2                                         {product} {ergonomic}
     uint ConcGCThreads                            = 1                                         {product} {ergonomic}
     uint G1ConcRefinementThreads                  = 2                                         {product} {ergonomic}
   size_t G1HeapRegionSize                         = 1048576                                   {product} {ergonomic}
    uintx GCDrainStackTargetSize                   = 64                                        {product} {ergonomic}
   size_t InitialHeapSize                          = 134217728                                 {product} {ergonomic}
   size_t MarkStackSize                            = 4194304                                   {product} {ergonomic}
   size_t MaxHeapSize                              = 2147483648                                {product} {ergonomic}
   size_t MaxNewSize                               = 1287651328                                {product} {ergonomic}
   size_t MinHeapDeltaBytes                        = 1048576                                   {product} {ergonomic}
    uintx NonNMethodCodeHeapSize                   = 5825164                                {pd product} {ergonomic}
    uintx NonProfiledCodeHeapSize                  = 122916538                              {pd product} {ergonomic}
    uintx ProfiledCodeHeapSize                     = 122916538                              {pd product} {ergonomic}
    uintx ReservedCodeCacheSize                    = 251658240                              {pd product} {ergonomic}
     bool SegmentedCodeCache                       = true                                      {product} {ergonomic}
     bool UseCompressedClassPointers               = true                                 {lp64_product} {ergonomic}
     bool UseCompressedOops                        = true                                 {lp64_product} {ergonomic}
     bool UseG1GC                                  = true                                      {product} {ergonomic}
     bool UseLargePagesIndividualAllocation        = false                                  {pd product} {ergonomic}

Logging:
Log output configuration:
 #0: stdout all=warning uptime,level,tags
 #1: stderr all=off uptime,level,tags

Environment Variables:
PATH=C:\Program Files\Common Files\Oracle\Java\javapath;C:\Windows\system32;C:\Windows;C:\Windows\System32\Wbem;C:\Windows\System32\WindowsPowerShell\v1.0\;C:\Windows\System32\OpenSSH\;C:\Program Files\PuTTY\;C:\Program Files\Git\cmd;C:\Program Files\Docker\Docker\resources\bin;C:\ProgramData\DockerDesktop\version-bin;C:\Users\sfjbs\Downloads\apache-maven-3.8.6-bin\apache-maven-3.8.6\bin;C:\Users\sfjbs\Downloads\apache-maven-3.8.6-bin\apache-maven-3.8.6\lib;C:\Users\sfjbs\AppData\Local\Microsoft\WindowsApps;C:\Program Files\JetBrains\IntelliJ IDEA Community Edition 2022.2.1\bin;;C:\Users\sfjbs\Downloads\apache-maven-3.8.6-bin\apache-maven-3.8.6\bin;C:\Users\sfjbs\Downloads\apache-maven-3.8.6-bin\apache-maven-3.8.6\lib;
USERNAME=sfjbs
OS=Windows_NT
PROCESSOR_IDENTIFIER=Intel64 Family 6 Model 85 Stepping 7, GenuineIntel



---------------  S Y S T E M  ---------------

OS: Windows 10 , 64 bit Build 19041 (10.0.19041.1889)
Hyper-V role detected

CPU:total 2 (initial active 2) (1 cores per cpu, 2 threads per core) family 6 model 85 stepping 7 microcode 0xffffffff, cmov, cx8, fxsr, mmx, sse, sse2, sse3, ssse3, sse4.1, sse4.2, popcnt, avx, avx2, aes, clmul, erms, rtm, 3dnowpref, lzcnt, ht, tsc, bmi1, bmi2, adx, evex, fma

Memory: 4k page, system-wide physical 8190M (1095M free)
TotalPageFile size 10238M (AvailPageFile size 11M)
current process WorkingSet (physical memory assigned to process): 108M, peak: 108M
current process commit charge ("private bytes"): 228M, peak: 254M

vm_info: Java HotSpot(TM) 64-Bit Server VM (11.0.15+8-LTS-149) for windows-amd64 JRE (11.0.15+8-LTS-149), built on Mar  9 2022 22:42:32 by "mach5one" with MS VC++ 15.9 (VS2017)

END.
